[0.000000] (-) TimerEvent: {}
[0.000597] (urdf_example) JobQueued: {'identifier': 'urdf_example', 'dependencies': OrderedDict()}
[0.001065] (urdf_example) JobStarted: {'identifier': 'urdf_example'}
[0.013668] (urdf_example) JobProgress: {'identifier': 'urdf_example', 'progress': 'cmake'}
[0.014195] (urdf_example) Command: {'cmd': ['/usr/bin/cmake', '/home/sam/Documents/code/project_billee_2025/ros2_ws/src/urdf_example', '-DCMAKE_INSTALL_PREFIX=/home/sam/Documents/code/project_billee_2025/ros2_ws/install/urdf_example'], 'cwd': '/home/sam/Documents/code/project_billee_2025/ros2_ws/build/urdf_example', 'env': OrderedDict([('USER', 'sam'), ('XDG_SESSION_TYPE', 'wayland'), ('SHLVL', '1'), ('LD_LIBRARY_PATH', '/usr/lib/x86_64-linux-gnu/gazebo-11/plugins:/opt/ros/humble/opt/rviz_ogre_vendor/lib:/opt/ros/humble/lib/x86_64-linux-gnu:/opt/ros/humble/lib'), ('OLDPWD', '/home/sam/Documents/code/project_billee_2025/ros2_ws/src'), ('HOME', '/home/sam'), ('DESKTOP_SESSION', 'ubuntu'), ('GTK_MODULES', 'gail:atk-bridge'), ('GNOME_SHELL_SESSION_MODE', 'ubuntu'), ('ROS_PYTHON_VERSION', '3'), ('SYSTEMD_EXEC_PID', '634422'), ('DBUS_SESSION_BUS_ADDRESS', 'unix:path=/run/user/1000/bus'), ('P9K_TTY', 'old'), ('COLORTERM', 'truecolor'), ('_colcon_cd_root', '/opt/ros/humble/'), ('WAYLAND_DISPLAY', 'wayland-0'), ('IM_CONFIG_PHASE', '1'), ('ROS_DISTRO', 'humble'), ('LOGNAME', 'sam'), ('_', '/usr/bin/colcon'), ('_P9K_SSH_TTY', '/dev/pts/2'), ('XDG_SESSION_CLASS', 'user'), ('ROS_VERSION', '2'), ('USERNAME', 'sam'), ('TERM', 'xterm-256color'), ('GNOME_DESKTOP_SESSION_ID', 'this-is-deprecated'), ('ROS_LOCALHOST_ONLY', '0'), ('PATH', '/opt/ros/humble/bin:/usr/local/sbin:/usr/local/bin:/usr/sbin:/usr/bin:/sbin:/bin:/usr/games:/usr/local/games:/snap/bin:/snap/bin'), ('SESSION_MANAGER', 'local/sam-ideapad:@/tmp/.ICE-unix/177318,unix/sam-ideapad:/tmp/.ICE-unix/177318'), ('GNOME_TERMINAL_SCREEN', '/org/gnome/Terminal/screen/aad69a9e_e14c_4fa0_b8d7_51caedc664c1'), ('XDG_MENU_PREFIX', 'gnome-'), ('GNOME_SETUP_DISPLAY', ':1'), ('XDG_RUNTIME_DIR', '/run/user/1000'), ('DISPLAY', ':0'), ('LANG', 'en_US.UTF-8'), ('XDG_CURRENT_DESKTOP', 'ubuntu:GNOME'), ('XDG_SESSION_DESKTOP', 'ubuntu'), ('GNOME_TERMINAL_SERVICE', ':1.2151'), ('XMODIFIERS', '@im=ibus'), ('XAUTHORITY', '/run/user/1000/.mutter-Xwaylandauth.Q9XJR2'), ('SSH_AUTH_SOCK', '/run/user/1000/keyring/ssh'), ('SSH_AGENT_LAUNCHER', 'gnome-keyring'), ('AMENT_PREFIX_PATH', '/opt/ros/humble'), ('SHELL', '/usr/bin/zsh'), ('QT_ACCESSIBILITY', '1'), ('GDMSESSION', 'ubuntu'), ('P9K_SSH', '0'), ('QT_IM_MODULE', 'ibus'), ('PWD', '/home/sam/Documents/code/project_billee_2025/ros2_ws/build/urdf_example'), ('XDG_CONFIG_DIRS', '/etc/xdg/xdg-ubuntu:/etc/xdg'), ('XDG_DATA_DIRS', '/usr/share/ubuntu:/usr/local/share/:/usr/share/:/var/lib/snapd/desktop'), ('_P9K_TTY', '/dev/pts/2'), ('PYTHONPATH', '/opt/ros/humble/lib/python3.10/site-packages:/opt/ros/humble/local/lib/python3.10/dist-packages'), ('COLCON', '1'), ('VTE_VERSION', '6800'), ('CMAKE_PREFIX_PATH', '/opt/ros/humble')]), 'shell': False}
[0.099574] (-) TimerEvent: {}
[0.118555] (urdf_example) StdoutLine: {'line': b'-- The C compiler identification is GNU 11.4.0\n'}
[0.199761] (-) TimerEvent: {}
[0.210778] (urdf_example) StdoutLine: {'line': b'-- The CXX compiler identification is GNU 11.4.0\n'}
[0.225823] (urdf_example) StdoutLine: {'line': b'-- Detecting C compiler ABI info\n'}
[0.300059] (-) TimerEvent: {}
[0.337228] (urdf_example) StdoutLine: {'line': b'-- Detecting C compiler ABI info - done\n'}
[0.346513] (urdf_example) StdoutLine: {'line': b'-- Check for working C compiler: /usr/bin/cc - skipped\n'}
[0.347149] (urdf_example) StdoutLine: {'line': b'-- Detecting C compile features\n'}
[0.347793] (urdf_example) StdoutLine: {'line': b'-- Detecting C compile features - done\n'}
[0.352174] (urdf_example) StdoutLine: {'line': b'-- Detecting CXX compiler ABI info\n'}
[0.400238] (-) TimerEvent: {}
[0.473952] (urdf_example) StdoutLine: {'line': b'-- Detecting CXX compiler ABI info - done\n'}
[0.483436] (urdf_example) StdoutLine: {'line': b'-- Check for working CXX compiler: /usr/bin/c++ - skipped\n'}
[0.483943] (urdf_example) StdoutLine: {'line': b'-- Detecting CXX compile features\n'}
[0.484437] (urdf_example) StdoutLine: {'line': b'-- Detecting CXX compile features - done\n'}
[0.490833] (urdf_example) StdoutLine: {'line': b'-- Found ament_cmake: 1.3.10 (/opt/ros/humble/share/ament_cmake/cmake)\n'}
[0.500709] (-) TimerEvent: {}
[0.601234] (-) TimerEvent: {}
[0.687539] (urdf_example) StdoutLine: {'line': b'-- Found Python3: /usr/bin/python3 (found version "3.10.12") found components: Interpreter \n'}
[0.701422] (-) TimerEvent: {}
[0.801927] (-) TimerEvent: {}
[0.808331] (urdf_example) StdoutLine: {'line': b'-- Found ament_lint_auto: 0.12.11 (/opt/ros/humble/share/ament_lint_auto/cmake)\n'}
[0.902095] (-) TimerEvent: {}
[0.906737] (urdf_example) StdoutLine: {'line': b"-- Added test 'copyright' to check source files copyright and LICENSE\n"}
[0.910544] (urdf_example) StdoutLine: {'line': b"-- Added test 'flake8' to check Python code syntax and style conventions\n"}
[0.911041] (urdf_example) StdoutLine: {'line': b"-- Added test 'lint_cmake' to check CMake code style\n"}
[0.911486] (urdf_example) StdoutLine: {'line': b"-- Added test 'pep257' to check Python code against some of the docstring style conventions in PEP 257\n"}
[0.913347] (urdf_example) StdoutLine: {'line': b"-- Added test 'xmllint' to check XML markup files\n"}
[0.914934] (urdf_example) StdoutLine: {'line': b'-- Configuring done\n'}
[0.919305] (urdf_example) StdoutLine: {'line': b'-- Generating done\n'}
[0.920641] (urdf_example) StdoutLine: {'line': b'-- Build files have been written to: /home/sam/Documents/code/project_billee_2025/ros2_ws/build/urdf_example\n'}
[0.926719] (urdf_example) CommandEnded: {'returncode': 0}
[0.927810] (urdf_example) JobProgress: {'identifier': 'urdf_example', 'progress': 'build'}
[0.930420] (urdf_example) Command: {'cmd': ['/usr/bin/cmake', '--build', '/home/sam/Documents/code/project_billee_2025/ros2_ws/build/urdf_example', '--', '-j16', '-l16'], 'cwd': '/home/sam/Documents/code/project_billee_2025/ros2_ws/build/urdf_example', 'env': OrderedDict([('USER', 'sam'), ('XDG_SESSION_TYPE', 'wayland'), ('SHLVL', '1'), ('LD_LIBRARY_PATH', '/usr/lib/x86_64-linux-gnu/gazebo-11/plugins:/opt/ros/humble/opt/rviz_ogre_vendor/lib:/opt/ros/humble/lib/x86_64-linux-gnu:/opt/ros/humble/lib'), ('OLDPWD', '/home/sam/Documents/code/project_billee_2025/ros2_ws/src'), ('HOME', '/home/sam'), ('DESKTOP_SESSION', 'ubuntu'), ('GTK_MODULES', 'gail:atk-bridge'), ('GNOME_SHELL_SESSION_MODE', 'ubuntu'), ('ROS_PYTHON_VERSION', '3'), ('SYSTEMD_EXEC_PID', '634422'), ('DBUS_SESSION_BUS_ADDRESS', 'unix:path=/run/user/1000/bus'), ('P9K_TTY', 'old'), ('COLORTERM', 'truecolor'), ('_colcon_cd_root', '/opt/ros/humble/'), ('WAYLAND_DISPLAY', 'wayland-0'), ('IM_CONFIG_PHASE', '1'), ('ROS_DISTRO', 'humble'), ('LOGNAME', 'sam'), ('_', '/usr/bin/colcon'), ('_P9K_SSH_TTY', '/dev/pts/2'), ('XDG_SESSION_CLASS', 'user'), ('ROS_VERSION', '2'), ('USERNAME', 'sam'), ('TERM', 'xterm-256color'), ('GNOME_DESKTOP_SESSION_ID', 'this-is-deprecated'), ('ROS_LOCALHOST_ONLY', '0'), ('PATH', '/opt/ros/humble/bin:/usr/local/sbin:/usr/local/bin:/usr/sbin:/usr/bin:/sbin:/bin:/usr/games:/usr/local/games:/snap/bin:/snap/bin'), ('SESSION_MANAGER', 'local/sam-ideapad:@/tmp/.ICE-unix/177318,unix/sam-ideapad:/tmp/.ICE-unix/177318'), ('GNOME_TERMINAL_SCREEN', '/org/gnome/Terminal/screen/aad69a9e_e14c_4fa0_b8d7_51caedc664c1'), ('XDG_MENU_PREFIX', 'gnome-'), ('GNOME_SETUP_DISPLAY', ':1'), ('XDG_RUNTIME_DIR', '/run/user/1000'), ('DISPLAY', ':0'), ('LANG', 'en_US.UTF-8'), ('XDG_CURRENT_DESKTOP', 'ubuntu:GNOME'), ('XDG_SESSION_DESKTOP', 'ubuntu'), ('GNOME_TERMINAL_SERVICE', ':1.2151'), ('XMODIFIERS', '@im=ibus'), ('XAUTHORITY', '/run/user/1000/.mutter-Xwaylandauth.Q9XJR2'), ('SSH_AUTH_SOCK', '/run/user/1000/keyring/ssh'), ('SSH_AGENT_LAUNCHER', 'gnome-keyring'), ('AMENT_PREFIX_PATH', '/opt/ros/humble'), ('SHELL', '/usr/bin/zsh'), ('QT_ACCESSIBILITY', '1'), ('GDMSESSION', 'ubuntu'), ('P9K_SSH', '0'), ('QT_IM_MODULE', 'ibus'), ('PWD', '/home/sam/Documents/code/project_billee_2025/ros2_ws/build/urdf_example'), ('XDG_CONFIG_DIRS', '/etc/xdg/xdg-ubuntu:/etc/xdg'), ('XDG_DATA_DIRS', '/usr/share/ubuntu:/usr/local/share/:/usr/share/:/var/lib/snapd/desktop'), ('_P9K_TTY', '/dev/pts/2'), ('PYTHONPATH', '/opt/ros/humble/lib/python3.10/site-packages:/opt/ros/humble/local/lib/python3.10/dist-packages'), ('COLCON', '1'), ('VTE_VERSION', '6800'), ('CMAKE_PREFIX_PATH', '/opt/ros/humble')]), 'shell': False}
[0.991446] (urdf_example) CommandEnded: {'returncode': 0}
[1.002277] (-) TimerEvent: {}
[1.029357] (urdf_example) JobProgress: {'identifier': 'urdf_example', 'progress': 'install'}
[1.044839] (urdf_example) Command: {'cmd': ['/usr/bin/cmake', '--install', '/home/sam/Documents/code/project_billee_2025/ros2_ws/build/urdf_example'], 'cwd': '/home/sam/Documents/code/project_billee_2025/ros2_ws/build/urdf_example', 'env': OrderedDict([('USER', 'sam'), ('XDG_SESSION_TYPE', 'wayland'), ('SHLVL', '1'), ('LD_LIBRARY_PATH', '/usr/lib/x86_64-linux-gnu/gazebo-11/plugins:/opt/ros/humble/opt/rviz_ogre_vendor/lib:/opt/ros/humble/lib/x86_64-linux-gnu:/opt/ros/humble/lib'), ('OLDPWD', '/home/sam/Documents/code/project_billee_2025/ros2_ws/src'), ('HOME', '/home/sam'), ('DESKTOP_SESSION', 'ubuntu'), ('GTK_MODULES', 'gail:atk-bridge'), ('GNOME_SHELL_SESSION_MODE', 'ubuntu'), ('ROS_PYTHON_VERSION', '3'), ('SYSTEMD_EXEC_PID', '634422'), ('DBUS_SESSION_BUS_ADDRESS', 'unix:path=/run/user/1000/bus'), ('P9K_TTY', 'old'), ('COLORTERM', 'truecolor'), ('_colcon_cd_root', '/opt/ros/humble/'), ('WAYLAND_DISPLAY', 'wayland-0'), ('IM_CONFIG_PHASE', '1'), ('ROS_DISTRO', 'humble'), ('LOGNAME', 'sam'), ('_', '/usr/bin/colcon'), ('_P9K_SSH_TTY', '/dev/pts/2'), ('XDG_SESSION_CLASS', 'user'), ('ROS_VERSION', '2'), ('USERNAME', 'sam'), ('TERM', 'xterm-256color'), ('GNOME_DESKTOP_SESSION_ID', 'this-is-deprecated'), ('ROS_LOCALHOST_ONLY', '0'), ('PATH', '/opt/ros/humble/bin:/usr/local/sbin:/usr/local/bin:/usr/sbin:/usr/bin:/sbin:/bin:/usr/games:/usr/local/games:/snap/bin:/snap/bin'), ('SESSION_MANAGER', 'local/sam-ideapad:@/tmp/.ICE-unix/177318,unix/sam-ideapad:/tmp/.ICE-unix/177318'), ('GNOME_TERMINAL_SCREEN', '/org/gnome/Terminal/screen/aad69a9e_e14c_4fa0_b8d7_51caedc664c1'), ('XDG_MENU_PREFIX', 'gnome-'), ('GNOME_SETUP_DISPLAY', ':1'), ('XDG_RUNTIME_DIR', '/run/user/1000'), ('DISPLAY', ':0'), ('LANG', 'en_US.UTF-8'), ('XDG_CURRENT_DESKTOP', 'ubuntu:GNOME'), ('XDG_SESSION_DESKTOP', 'ubuntu'), ('GNOME_TERMINAL_SERVICE', ':1.2151'), ('XMODIFIERS', '@im=ibus'), ('XAUTHORITY', '/run/user/1000/.mutter-Xwaylandauth.Q9XJR2'), ('SSH_AUTH_SOCK', '/run/user/1000/keyring/ssh'), ('SSH_AGENT_LAUNCHER', 'gnome-keyring'), ('AMENT_PREFIX_PATH', '/opt/ros/humble'), ('SHELL', '/usr/bin/zsh'), ('QT_ACCESSIBILITY', '1'), ('GDMSESSION', 'ubuntu'), ('P9K_SSH', '0'), ('QT_IM_MODULE', 'ibus'), ('PWD', '/home/sam/Documents/code/project_billee_2025/ros2_ws/build/urdf_example'), ('XDG_CONFIG_DIRS', '/etc/xdg/xdg-ubuntu:/etc/xdg'), ('XDG_DATA_DIRS', '/usr/share/ubuntu:/usr/local/share/:/usr/share/:/var/lib/snapd/desktop'), ('_P9K_TTY', '/dev/pts/2'), ('PYTHONPATH', '/opt/ros/humble/lib/python3.10/site-packages:/opt/ros/humble/local/lib/python3.10/dist-packages'), ('COLCON', '1'), ('VTE_VERSION', '6800'), ('CMAKE_PREFIX_PATH', '/opt/ros/humble')]), 'shell': False}
[1.057780] (urdf_example) StdoutLine: {'line': b'-- Install configuration: ""\n'}
[1.058277] (urdf_example) StdoutLine: {'line': b'-- Installing: /home/sam/Documents/code/project_billee_2025/ros2_ws/install/urdf_example/share/urdf_example/description\n'}
[1.058552] (urdf_example) StdoutLine: {'line': b'-- Installing: /home/sam/Documents/code/project_billee_2025/ros2_ws/install/urdf_example/share/urdf_example/description/example_include.xacro\n'}
[1.058923] (urdf_example) StdoutLine: {'line': b'-- Installing: /home/sam/Documents/code/project_billee_2025/ros2_ws/install/urdf_example/share/urdf_example/description/example_gazebo.xacro\n'}
[1.059259] (urdf_example) StdoutLine: {'line': b'-- Installing: /home/sam/Documents/code/project_billee_2025/ros2_ws/install/urdf_example/share/urdf_example/description/example_robot.urdf.xacro\n'}
[1.059395] (urdf_example) StdoutLine: {'line': b'-- Installing: /home/sam/Documents/code/project_billee_2025/ros2_ws/install/urdf_example/share/urdf_example/launch\n'}
[1.059506] (urdf_example) StdoutLine: {'line': b'-- Installing: /home/sam/Documents/code/project_billee_2025/ros2_ws/install/urdf_example/share/urdf_example/launch/rsp.launch.py\n'}
[1.059616] (urdf_example) StdoutLine: {'line': b'-- Installing: /home/sam/Documents/code/project_billee_2025/ros2_ws/install/urdf_example/share/urdf_example/launch/rsp_sim.launch.py\n'}
[1.059767] (urdf_example) StdoutLine: {'line': b'-- Installing: /home/sam/Documents/code/project_billee_2025/ros2_ws/install/urdf_example/share/urdf_example/worlds\n'}
[1.059874] (urdf_example) StdoutLine: {'line': b'-- Installing: /home/sam/Documents/code/project_billee_2025/ros2_ws/install/urdf_example/share/urdf_example/worlds/test_world.world\n'}
[1.060069] (urdf_example) StdoutLine: {'line': b'-- Installing: /home/sam/Documents/code/project_billee_2025/ros2_ws/install/urdf_example/share/ament_index/resource_index/package_run_dependencies/urdf_example\n'}
[1.060205] (urdf_example) StdoutLine: {'line': b'-- Installing: /home/sam/Documents/code/project_billee_2025/ros2_ws/install/urdf_example/share/ament_index/resource_index/parent_prefix_path/urdf_example\n'}
[1.060344] (urdf_example) StdoutLine: {'line': b'-- Installing: /home/sam/Documents/code/project_billee_2025/ros2_ws/install/urdf_example/share/urdf_example/environment/ament_prefix_path.sh\n'}
[1.060551] (urdf_example) StdoutLine: {'line': b'-- Installing: /home/sam/Documents/code/project_billee_2025/ros2_ws/install/urdf_example/share/urdf_example/environment/ament_prefix_path.dsv\n'}
[1.060835] (urdf_example) StdoutLine: {'line': b'-- Installing: /home/sam/Documents/code/project_billee_2025/ros2_ws/install/urdf_example/share/urdf_example/environment/path.sh\n'}
[1.061092] (urdf_example) StdoutLine: {'line': b'-- Installing: /home/sam/Documents/code/project_billee_2025/ros2_ws/install/urdf_example/share/urdf_example/environment/path.dsv\n'}
[1.061320] (urdf_example) StdoutLine: {'line': b'-- Installing: /home/sam/Documents/code/project_billee_2025/ros2_ws/install/urdf_example/share/urdf_example/local_setup.bash\n'}
[1.061562] (urdf_example) StdoutLine: {'line': b'-- Installing: /home/sam/Documents/code/project_billee_2025/ros2_ws/install/urdf_example/share/urdf_example/local_setup.sh\n'}
[1.061801] (urdf_example) StdoutLine: {'line': b'-- Installing: /home/sam/Documents/code/project_billee_2025/ros2_ws/install/urdf_example/share/urdf_example/local_setup.zsh\n'}
[1.062013] (urdf_example) StdoutLine: {'line': b'-- Installing: /home/sam/Documents/code/project_billee_2025/ros2_ws/install/urdf_example/share/urdf_example/local_setup.dsv\n'}
[1.062228] (urdf_example) StdoutLine: {'line': b'-- Installing: /home/sam/Documents/code/project_billee_2025/ros2_ws/install/urdf_example/share/urdf_example/package.dsv\n'}
[1.062533] (urdf_example) StdoutLine: {'line': b'-- Installing: /home/sam/Documents/code/project_billee_2025/ros2_ws/install/urdf_example/share/ament_index/resource_index/packages/urdf_example\n'}
[1.062872] (urdf_example) StdoutLine: {'line': b'-- Installing: /home/sam/Documents/code/project_billee_2025/ros2_ws/install/urdf_example/share/urdf_example/cmake/urdf_exampleConfig.cmake\n'}
[1.063131] (urdf_example) StdoutLine: {'line': b'-- Installing: /home/sam/Documents/code/project_billee_2025/ros2_ws/install/urdf_example/share/urdf_example/cmake/urdf_exampleConfig-version.cmake\n'}
[1.063471] (urdf_example) StdoutLine: {'line': b'-- Installing: /home/sam/Documents/code/project_billee_2025/ros2_ws/install/urdf_example/share/urdf_example/package.xml\n'}
[1.067267] (urdf_example) CommandEnded: {'returncode': 0}
[1.102443] (-) TimerEvent: {}
[1.131520] (urdf_example) JobEnded: {'identifier': 'urdf_example', 'rc': 0}
[1.132649] (-) EventReactorShutdown: {}
