[0.162s] DEBUG:colcon:Command line arguments: ['/usr/bin/colcon', 'build']
[0.162s] DEBUG:colcon:Parsed command line arguments: Namespace(log_base=None, log_level=None, verb_name='build', build_base='build', install_base='install', merge_install=False, symlink_install=False, test_result_base=None, continue_on_error=False, executor='parallel', parallel_workers=16, event_handlers=None, ignore_user_meta=False, metas=['./colcon.meta'], base_paths=['.'], packages_ignore=None, packages_ignore_regex=None, paths=None, packages_up_to=None, packages_up_to_regex=None, packages_above=None, packages_above_and_dependencies=None, packages_above_depth=None, packages_select_by_dep=None, packages_skip_by_dep=None, packages_skip_up_to=None, packages_select_build_failed=False, packages_skip_build_finished=False, packages_select_test_failures=False, packages_skip_test_passed=False, packages_select=None, packages_skip=None, packages_select_regex=None, packages_skip_regex=None, packages_start=None, packages_end=None, allow_overriding=[], cmake_args=None, cmake_target=None, cmake_target_skip_unavailable=False, cmake_clean_cache=False, cmake_clean_first=False, cmake_force_configure=False, ament_cmake_args=None, catkin_cmake_args=None, catkin_skip_building_tests=False, mixin_files=None, mixin=None, verb_parser=<colcon_mixin.mixin.mixin_argument.MixinArgumentDecorator object at 0x7fc0d1d4d540>, verb_extension=<colcon_core.verb.build.BuildVerb object at 0x7fc0d1e55cf0>, main=<bound method BuildVerb.main of <colcon_core.verb.build.BuildVerb object at 0x7fc0d1e55cf0>>, mixin_verb=('build',))
[0.392s] Level 1:colcon.colcon_core.package_discovery:discover_packages(colcon_meta) check parameters
[0.392s] Level 1:colcon.colcon_core.package_discovery:discover_packages(recursive) check parameters
[0.392s] Level 1:colcon.colcon_core.package_discovery:discover_packages(ignore) check parameters
[0.392s] Level 1:colcon.colcon_core.package_discovery:discover_packages(path) check parameters
[0.392s] Level 1:colcon.colcon_core.package_discovery:discover_packages(colcon_meta) discover
[0.393s] Level 1:colcon.colcon_core.package_discovery:discover_packages(recursive) discover
[0.393s] INFO:colcon.colcon_core.package_discovery:Crawling recursively for packages in '/home/sam/Documents/code/project_billee_2025/ros2_ws'
[0.393s] Level 1:colcon.colcon_core.package_identification:_identify(.) by extensions ['ignore', 'ignore_ament_install']
[0.393s] Level 1:colcon.colcon_core.package_identification:_identify(.) by extension 'ignore'
[0.393s] Level 1:colcon.colcon_core.package_identification:_identify(.) by extension 'ignore_ament_install'
[0.393s] Level 1:colcon.colcon_core.package_identification:_identify(.) by extensions ['colcon_pkg']
[0.393s] Level 1:colcon.colcon_core.package_identification:_identify(.) by extension 'colcon_pkg'
[0.393s] Level 1:colcon.colcon_core.package_identification:_identify(.) by extensions ['colcon_meta']
[0.393s] Level 1:colcon.colcon_core.package_identification:_identify(.) by extension 'colcon_meta'
[0.393s] Level 1:colcon.colcon_core.package_identification:_identify(.) by extensions ['ros']
[0.393s] Level 1:colcon.colcon_core.package_identification:_identify(.) by extension 'ros'
[0.409s] Level 1:colcon.colcon_core.package_identification:_identify(.) by extensions ['cmake', 'python']
[0.409s] Level 1:colcon.colcon_core.package_identification:_identify(.) by extension 'cmake'
[0.409s] Level 1:colcon.colcon_core.package_identification:_identify(.) by extension 'python'
[0.409s] Level 1:colcon.colcon_core.package_identification:_identify(.) by extensions ['python_setup_py']
[0.409s] Level 1:colcon.colcon_core.package_identification:_identify(.) by extension 'python_setup_py'
[0.409s] Level 1:colcon.colcon_core.package_identification:_identify(build) by extensions ['ignore', 'ignore_ament_install']
[0.409s] Level 1:colcon.colcon_core.package_identification:_identify(build) by extension 'ignore'
[0.409s] Level 1:colcon.colcon_core.package_identification:_identify(build) ignored
[0.409s] Level 1:colcon.colcon_core.package_identification:_identify(install) by extensions ['ignore', 'ignore_ament_install']
[0.409s] Level 1:colcon.colcon_core.package_identification:_identify(install) by extension 'ignore'
[0.410s] Level 1:colcon.colcon_core.package_identification:_identify(install) ignored
[0.410s] Level 1:colcon.colcon_core.package_identification:_identify(log) by extensions ['ignore', 'ignore_ament_install']
[0.410s] Level 1:colcon.colcon_core.package_identification:_identify(log) by extension 'ignore'
[0.410s] Level 1:colcon.colcon_core.package_identification:_identify(log) ignored
[0.410s] Level 1:colcon.colcon_core.package_identification:_identify(src) by extensions ['ignore', 'ignore_ament_install']
[0.410s] Level 1:colcon.colcon_core.package_identification:_identify(src) by extension 'ignore'
[0.410s] Level 1:colcon.colcon_core.package_identification:_identify(src) by extension 'ignore_ament_install'
[0.410s] Level 1:colcon.colcon_core.package_identification:_identify(src) by extensions ['colcon_pkg']
[0.410s] Level 1:colcon.colcon_core.package_identification:_identify(src) by extension 'colcon_pkg'
[0.410s] Level 1:colcon.colcon_core.package_identification:_identify(src) by extensions ['colcon_meta']
[0.410s] Level 1:colcon.colcon_core.package_identification:_identify(src) by extension 'colcon_meta'
[0.410s] Level 1:colcon.colcon_core.package_identification:_identify(src) by extensions ['ros']
[0.410s] Level 1:colcon.colcon_core.package_identification:_identify(src) by extension 'ros'
[0.410s] Level 1:colcon.colcon_core.package_identification:_identify(src) by extensions ['cmake', 'python']
[0.410s] Level 1:colcon.colcon_core.package_identification:_identify(src) by extension 'cmake'
[0.410s] Level 1:colcon.colcon_core.package_identification:_identify(src) by extension 'python'
[0.411s] Level 1:colcon.colcon_core.package_identification:_identify(src) by extensions ['python_setup_py']
[0.411s] Level 1:colcon.colcon_core.package_identification:_identify(src) by extension 'python_setup_py'
[0.411s] Level 1:colcon.colcon_core.package_identification:_identify(src/urdf_example) by extensions ['ignore', 'ignore_ament_install']
[0.411s] Level 1:colcon.colcon_core.package_identification:_identify(src/urdf_example) by extension 'ignore'
[0.411s] Level 1:colcon.colcon_core.package_identification:_identify(src/urdf_example) by extension 'ignore_ament_install'
[0.411s] Level 1:colcon.colcon_core.package_identification:_identify(src/urdf_example) by extensions ['colcon_pkg']
[0.411s] Level 1:colcon.colcon_core.package_identification:_identify(src/urdf_example) by extension 'colcon_pkg'
[0.411s] Level 1:colcon.colcon_core.package_identification:_identify(src/urdf_example) by extensions ['colcon_meta']
[0.411s] Level 1:colcon.colcon_core.package_identification:_identify(src/urdf_example) by extension 'colcon_meta'
[0.411s] Level 1:colcon.colcon_core.package_identification:_identify(src/urdf_example) by extensions ['ros']
[0.411s] Level 1:colcon.colcon_core.package_identification:_identify(src/urdf_example) by extension 'ros'
[0.414s] DEBUG:colcon.colcon_core.package_identification:Package 'src/urdf_example' with type 'ros.ament_cmake' and name 'urdf_example'
[0.415s] Level 1:colcon.colcon_core.package_discovery:discover_packages(recursive) using defaults
[0.415s] Level 1:colcon.colcon_core.package_discovery:discover_packages(ignore) discover
[0.415s] Level 1:colcon.colcon_core.package_discovery:discover_packages(ignore) using defaults
[0.415s] Level 1:colcon.colcon_core.package_discovery:discover_packages(path) discover
[0.415s] Level 1:colcon.colcon_core.package_discovery:discover_packages(path) using defaults
[0.443s] Level 1:colcon.colcon_core.package_discovery:discover_packages(prefix_path) check parameters
[0.443s] Level 1:colcon.colcon_core.package_discovery:discover_packages(prefix_path) discover
[0.446s] DEBUG:colcon.colcon_installed_package_information.package_discovery:Found 280 installed packages in /opt/ros/humble
[0.450s] Level 1:colcon.colcon_core.package_discovery:discover_packages(prefix_path) using defaults
[0.529s] Level 5:colcon.colcon_core.verb:set package 'urdf_example' build argument 'cmake_args' from command line to 'None'
[0.529s] Level 5:colcon.colcon_core.verb:set package 'urdf_example' build argument 'cmake_target' from command line to 'None'
[0.529s] Level 5:colcon.colcon_core.verb:set package 'urdf_example' build argument 'cmake_target_skip_unavailable' from command line to 'False'
[0.529s] Level 5:colcon.colcon_core.verb:set package 'urdf_example' build argument 'cmake_clean_cache' from command line to 'False'
[0.529s] Level 5:colcon.colcon_core.verb:set package 'urdf_example' build argument 'cmake_clean_first' from command line to 'False'
[0.529s] Level 5:colcon.colcon_core.verb:set package 'urdf_example' build argument 'cmake_force_configure' from command line to 'False'
[0.529s] Level 5:colcon.colcon_core.verb:set package 'urdf_example' build argument 'ament_cmake_args' from command line to 'None'
[0.529s] Level 5:colcon.colcon_core.verb:set package 'urdf_example' build argument 'catkin_cmake_args' from command line to 'None'
[0.529s] Level 5:colcon.colcon_core.verb:set package 'urdf_example' build argument 'catkin_skip_building_tests' from command line to 'False'
[0.529s] DEBUG:colcon.colcon_core.verb:Building package 'urdf_example' with the following arguments: {'ament_cmake_args': None, 'build_base': '/home/sam/Documents/code/project_billee_2025/ros2_ws/build/urdf_example', 'catkin_cmake_args': None, 'catkin_skip_building_tests': False, 'cmake_args': None, 'cmake_clean_cache': False, 'cmake_clean_first': False, 'cmake_force_configure': False, 'cmake_target': None, 'cmake_target_skip_unavailable': False, 'install_base': '/home/sam/Documents/code/project_billee_2025/ros2_ws/install/urdf_example', 'merge_install': False, 'path': '/home/sam/Documents/code/project_billee_2025/ros2_ws/src/urdf_example', 'symlink_install': False, 'test_result_base': None}
[0.530s] INFO:colcon.colcon_core.executor:Executing jobs using 'parallel' executor
[0.532s] DEBUG:colcon.colcon_parallel_executor.executor.parallel:run_until_complete
[0.532s] INFO:colcon.colcon_ros.task.ament_cmake.build:Building ROS package in '/home/sam/Documents/code/project_billee_2025/ros2_ws/src/urdf_example' with build type 'ament_cmake'
[0.533s] INFO:colcon.colcon_cmake.task.cmake.build:Building CMake package in '/home/sam/Documents/code/project_billee_2025/ros2_ws/src/urdf_example'
[0.537s] INFO:colcon.colcon_core.plugin_system:Skipping extension 'colcon_core.shell.bat': Not used on non-Windows systems
[0.537s] INFO:colcon.colcon_core.shell:Skip shell extension 'powershell' for command environment: Not usable outside of PowerShell
[0.537s] DEBUG:colcon.colcon_core.shell:Skip shell extension 'dsv' for command environment
[0.547s] DEBUG:colcon.colcon_core.event_handler.log_command:Invoking command in '/home/sam/Documents/code/project_billee_2025/ros2_ws/build/urdf_example': CMAKE_PREFIX_PATH=/opt/ros/humble /usr/bin/cmake /home/sam/Documents/code/project_billee_2025/ros2_ws/src/urdf_example -DCMAKE_INSTALL_PREFIX=/home/sam/Documents/code/project_billee_2025/ros2_ws/install/urdf_example
[1.459s] DEBUG:colcon.colcon_core.event_handler.log_command:Invoked command in '/home/sam/Documents/code/project_billee_2025/ros2_ws/build/urdf_example' returned '0': CMAKE_PREFIX_PATH=/opt/ros/humble /usr/bin/cmake /home/sam/Documents/code/project_billee_2025/ros2_ws/src/urdf_example -DCMAKE_INSTALL_PREFIX=/home/sam/Documents/code/project_billee_2025/ros2_ws/install/urdf_example
[1.463s] DEBUG:colcon.colcon_core.event_handler.log_command:Invoking command in '/home/sam/Documents/code/project_billee_2025/ros2_ws/build/urdf_example': CMAKE_PREFIX_PATH=/opt/ros/humble /usr/bin/cmake --build /home/sam/Documents/code/project_billee_2025/ros2_ws/build/urdf_example -- -j16 -l16
[1.524s] DEBUG:colcon.colcon_core.event_handler.log_command:Invoked command in '/home/sam/Documents/code/project_billee_2025/ros2_ws/build/urdf_example' returned '0': CMAKE_PREFIX_PATH=/opt/ros/humble /usr/bin/cmake --build /home/sam/Documents/code/project_billee_2025/ros2_ws/build/urdf_example -- -j16 -l16
[1.577s] DEBUG:colcon.colcon_core.event_handler.log_command:Invoking command in '/home/sam/Documents/code/project_billee_2025/ros2_ws/build/urdf_example': CMAKE_PREFIX_PATH=/opt/ros/humble /usr/bin/cmake --install /home/sam/Documents/code/project_billee_2025/ros2_ws/build/urdf_example
[1.598s] Level 1:colcon.colcon_core.environment:create_environment_scripts_only(urdf_example)
[1.599s] DEBUG:colcon.colcon_core.event_handler.log_command:Invoked command in '/home/sam/Documents/code/project_billee_2025/ros2_ws/build/urdf_example' returned '0': CMAKE_PREFIX_PATH=/opt/ros/humble /usr/bin/cmake --install /home/sam/Documents/code/project_billee_2025/ros2_ws/build/urdf_example
[1.604s] Level 1:colcon.colcon_core.environment:checking '/home/sam/Documents/code/project_billee_2025/ros2_ws/install/urdf_example' for CMake module files
[1.605s] Level 1:colcon.colcon_core.environment:checking '/home/sam/Documents/code/project_billee_2025/ros2_ws/install/urdf_example' for CMake config files
[1.605s] Level 1:colcon.colcon_core.shell:create_environment_hook('urdf_example', 'cmake_prefix_path')
[1.605s] INFO:colcon.colcon_core.shell:Creating environment hook '/home/sam/Documents/code/project_billee_2025/ros2_ws/install/urdf_example/share/urdf_example/hook/cmake_prefix_path.ps1'
[1.606s] INFO:colcon.colcon_core.shell:Creating environment descriptor '/home/sam/Documents/code/project_billee_2025/ros2_ws/install/urdf_example/share/urdf_example/hook/cmake_prefix_path.dsv'
[1.607s] INFO:colcon.colcon_core.shell:Creating environment hook '/home/sam/Documents/code/project_billee_2025/ros2_ws/install/urdf_example/share/urdf_example/hook/cmake_prefix_path.sh'
[1.608s] Level 1:colcon.colcon_core.environment:checking '/home/sam/Documents/code/project_billee_2025/ros2_ws/install/urdf_example/bin'
[1.608s] Level 1:colcon.colcon_core.environment:checking '/home/sam/Documents/code/project_billee_2025/ros2_ws/install/urdf_example/lib/pkgconfig/urdf_example.pc'
[1.608s] Level 1:colcon.colcon_core.environment:checking '/home/sam/Documents/code/project_billee_2025/ros2_ws/install/urdf_example/lib/python3.10/site-packages'
[1.609s] Level 1:colcon.colcon_core.environment:checking '/home/sam/Documents/code/project_billee_2025/ros2_ws/install/urdf_example/bin'
[1.609s] INFO:colcon.colcon_core.shell:Creating package script '/home/sam/Documents/code/project_billee_2025/ros2_ws/install/urdf_example/share/urdf_example/package.ps1'
[1.611s] INFO:colcon.colcon_core.shell:Creating package descriptor '/home/sam/Documents/code/project_billee_2025/ros2_ws/install/urdf_example/share/urdf_example/package.dsv'
[1.612s] INFO:colcon.colcon_core.shell:Creating package script '/home/sam/Documents/code/project_billee_2025/ros2_ws/install/urdf_example/share/urdf_example/package.sh'
[1.613s] INFO:colcon.colcon_core.shell:Creating package script '/home/sam/Documents/code/project_billee_2025/ros2_ws/install/urdf_example/share/urdf_example/package.bash'
[1.614s] INFO:colcon.colcon_core.shell:Creating package script '/home/sam/Documents/code/project_billee_2025/ros2_ws/install/urdf_example/share/urdf_example/package.zsh'
[1.615s] Level 1:colcon.colcon_core.environment:create_file_with_runtime_dependencies(/home/sam/Documents/code/project_billee_2025/ros2_ws/install/urdf_example/share/colcon-core/packages/urdf_example)
[1.656s] Level 1:colcon.colcon_core.environment:create_environment_scripts_only(urdf_example)
[1.657s] Level 1:colcon.colcon_core.environment:checking '/home/sam/Documents/code/project_billee_2025/ros2_ws/install/urdf_example' for CMake module files
[1.657s] Level 1:colcon.colcon_core.environment:checking '/home/sam/Documents/code/project_billee_2025/ros2_ws/install/urdf_example' for CMake config files
[1.658s] Level 1:colcon.colcon_core.shell:create_environment_hook('urdf_example', 'cmake_prefix_path')
[1.658s] INFO:colcon.colcon_core.shell:Creating environment hook '/home/sam/Documents/code/project_billee_2025/ros2_ws/install/urdf_example/share/urdf_example/hook/cmake_prefix_path.ps1'
[1.658s] INFO:colcon.colcon_core.shell:Creating environment descriptor '/home/sam/Documents/code/project_billee_2025/ros2_ws/install/urdf_example/share/urdf_example/hook/cmake_prefix_path.dsv'
[1.659s] INFO:colcon.colcon_core.shell:Creating environment hook '/home/sam/Documents/code/project_billee_2025/ros2_ws/install/urdf_example/share/urdf_example/hook/cmake_prefix_path.sh'
[1.659s] Level 1:colcon.colcon_core.environment:checking '/home/sam/Documents/code/project_billee_2025/ros2_ws/install/urdf_example/bin'
[1.659s] Level 1:colcon.colcon_core.environment:checking '/home/sam/Documents/code/project_billee_2025/ros2_ws/install/urdf_example/lib/pkgconfig/urdf_example.pc'
[1.660s] Level 1:colcon.colcon_core.environment:checking '/home/sam/Documents/code/project_billee_2025/ros2_ws/install/urdf_example/lib/python3.10/site-packages'
[1.660s] Level 1:colcon.colcon_core.environment:checking '/home/sam/Documents/code/project_billee_2025/ros2_ws/install/urdf_example/bin'
[1.660s] INFO:colcon.colcon_core.shell:Creating package script '/home/sam/Documents/code/project_billee_2025/ros2_ws/install/urdf_example/share/urdf_example/package.ps1'
[1.661s] INFO:colcon.colcon_core.shell:Creating package descriptor '/home/sam/Documents/code/project_billee_2025/ros2_ws/install/urdf_example/share/urdf_example/package.dsv'
[1.661s] INFO:colcon.colcon_core.shell:Creating package script '/home/sam/Documents/code/project_billee_2025/ros2_ws/install/urdf_example/share/urdf_example/package.sh'
[1.662s] INFO:colcon.colcon_core.shell:Creating package script '/home/sam/Documents/code/project_billee_2025/ros2_ws/install/urdf_example/share/urdf_example/package.bash'
[1.662s] INFO:colcon.colcon_core.shell:Creating package script '/home/sam/Documents/code/project_billee_2025/ros2_ws/install/urdf_example/share/urdf_example/package.zsh'
[1.662s] Level 1:colcon.colcon_core.environment:create_file_with_runtime_dependencies(/home/sam/Documents/code/project_billee_2025/ros2_ws/install/urdf_example/share/colcon-core/packages/urdf_example)
[1.663s] DEBUG:colcon.colcon_parallel_executor.executor.parallel:closing loop
[1.663s] DEBUG:colcon.colcon_parallel_executor.executor.parallel:loop closed
[1.663s] DEBUG:colcon.colcon_parallel_executor.executor.parallel:run_until_complete finished with '0'
[1.663s] DEBUG:colcon.colcon_core.event_reactor:joining thread
[1.672s] INFO:colcon.colcon_core.plugin_system:Skipping extension 'colcon_notification.desktop_notification.terminal_notifier': Not used on non-Darwin systems
[1.672s] INFO:colcon.colcon_core.plugin_system:Skipping extension 'colcon_notification.desktop_notification.win32': Not used on non-Windows systems
[1.672s] INFO:colcon.colcon_notification.desktop_notification:Sending desktop notification using 'notify2'
[1.689s] DEBUG:colcon.colcon_core.event_reactor:joined thread
[1.689s] INFO:colcon.colcon_core.shell:Creating prefix script '/home/sam/Documents/code/project_billee_2025/ros2_ws/install/local_setup.ps1'
[1.691s] INFO:colcon.colcon_core.shell:Creating prefix util module '/home/sam/Documents/code/project_billee_2025/ros2_ws/install/_local_setup_util_ps1.py'
[1.693s] INFO:colcon.colcon_core.shell:Creating prefix chain script '/home/sam/Documents/code/project_billee_2025/ros2_ws/install/setup.ps1'
[1.694s] INFO:colcon.colcon_core.shell:Creating prefix script '/home/sam/Documents/code/project_billee_2025/ros2_ws/install/local_setup.sh'
[1.695s] INFO:colcon.colcon_core.shell:Creating prefix util module '/home/sam/Documents/code/project_billee_2025/ros2_ws/install/_local_setup_util_sh.py'
[1.696s] INFO:colcon.colcon_core.shell:Creating prefix chain script '/home/sam/Documents/code/project_billee_2025/ros2_ws/install/setup.sh'
[1.697s] INFO:colcon.colcon_core.shell:Creating prefix script '/home/sam/Documents/code/project_billee_2025/ros2_ws/install/local_setup.bash'
[1.698s] INFO:colcon.colcon_core.shell:Creating prefix chain script '/home/sam/Documents/code/project_billee_2025/ros2_ws/install/setup.bash'
[1.699s] INFO:colcon.colcon_core.shell:Creating prefix script '/home/sam/Documents/code/project_billee_2025/ros2_ws/install/local_setup.zsh'
[1.700s] INFO:colcon.colcon_core.shell:Creating prefix chain script '/home/sam/Documents/code/project_billee_2025/ros2_ws/install/setup.zsh'
