running egg_info
writing ../../build/manual_movement/manual_movement.egg-info/PKG-INFO
writing dependency_links to ../../build/manual_movement/manual_movement.egg-info/dependency_links.txt
writing entry points to ../../build/manual_movement/manual_movement.egg-info/entry_points.txt
writing requirements to ../../build/manual_movement/manual_movement.egg-info/requires.txt
writing top-level names to ../../build/manual_movement/manual_movement.egg-info/top_level.txt
reading manifest file '../../build/manual_movement/manual_movement.egg-info/SOURCES.txt'
writing manifest file '../../build/manual_movement/manual_movement.egg-info/SOURCES.txt'
running build
running build_py
copying manual_movement/converter.py -> /home/sam/Documents/code/project_billee_2025/ros2_ws/build/manual_movement/build/lib/manual_movement
running install
running install_lib
copying /home/sam/Documents/code/project_billee_2025/ros2_ws/build/manual_movement/build/lib/manual_movement/converter.py -> /home/sam/Documents/code/project_billee_2025/ros2_ws/install/manual_movement/lib/python3.10/site-packages/manual_movement
byte-compiling /home/sam/Documents/code/project_billee_2025/ros2_ws/install/manual_movement/lib/python3.10/site-packages/manual_movement/converter.py to converter.cpython-310.pyc
running install_data
copying package.xml -> /home/sam/Documents/code/project_billee_2025/ros2_ws/install/manual_movement/share/manual_movement
copying launch/mm_turtlesim.launch.py -> /home/sam/Documents/code/project_billee_2025/ros2_ws/install/manual_movement/share/manual_movement/launch
running install_egg_info
removing '/home/sam/Documents/code/project_billee_2025/ros2_ws/install/manual_movement/lib/python3.10/site-packages/manual_movement-0.0.0-py3.10.egg-info' (and everything under it)
Copying ../../build/manual_movement/manual_movement.egg-info to /home/sam/Documents/code/project_billee_2025/ros2_ws/install/manual_movement/lib/python3.10/site-packages/manual_movement-0.0.0-py3.10.egg-info
running install_scripts
Installing converter script to /home/sam/Documents/code/project_billee_2025/ros2_ws/install/manual_movement/lib/manual_movement
writing list of installed files to '/home/sam/Documents/code/project_billee_2025/ros2_ws/build/manual_movement/install.log'
