[0.000000] (-) TimerEvent: {}
[0.000606] (urdf_example) JobQueued: {'identifier': 'urdf_example', 'dependencies': OrderedDict()}
[0.000662] (urdf_example) JobStarted: {'identifier': 'urdf_example'}
[0.011615] (urdf_example) JobProgress: {'identifier': 'urdf_example', 'progress': 'cmake'}
[0.013294] (urdf_example) JobProgress: {'identifier': 'urdf_example', 'progress': 'build'}
[0.013579] (urdf_example) Command: {'cmd': ['/usr/bin/cmake', '--build', '/home/sam/Documents/code/project_billee_2025/ros2_ws/build/urdf_example', '--', '-j16', '-l16'], 'cwd': '/home/sam/Documents/code/project_billee_2025/ros2_ws/build/urdf_example', 'env': OrderedDict([('USER', 'sam'), ('XDG_SESSION_TYPE', 'wayland'), ('SHLVL', '1'), ('LD_LIBRARY_PATH', '/usr/lib/x86_64-linux-gnu/gazebo-11/plugins:/opt/ros/humble/opt/rviz_ogre_vendor/lib:/opt/ros/humble/lib/x86_64-linux-gnu:/opt/ros/humble/lib'), ('OLDPWD', '/home/sam/Documents/code/project_billee_2025/ros2_ws/src'), ('HOME', '/home/sam'), ('DESKTOP_SESSION', 'ubuntu'), ('GTK_MODULES', 'gail:atk-bridge'), ('GNOME_SHELL_SESSION_MODE', 'ubuntu'), ('ROS_PYTHON_VERSION', '3'), ('SYSTEMD_EXEC_PID', '634422'), ('DBUS_SESSION_BUS_ADDRESS', 'unix:path=/run/user/1000/bus'), ('P9K_TTY', 'old'), ('COLORTERM', 'truecolor'), ('_colcon_cd_root', '/opt/ros/humble/'), ('WAYLAND_DISPLAY', 'wayland-0'), ('IM_CONFIG_PHASE', '1'), ('ROS_DISTRO', 'humble'), ('LOGNAME', 'sam'), ('_', '/usr/bin/colcon'), ('_P9K_SSH_TTY', '/dev/pts/2'), ('XDG_SESSION_CLASS', 'user'), ('ROS_VERSION', '2'), ('USERNAME', 'sam'), ('TERM', 'xterm-256color'), ('GNOME_DESKTOP_SESSION_ID', 'this-is-deprecated'), ('ROS_LOCALHOST_ONLY', '0'), ('PATH', '/opt/ros/humble/bin:/usr/local/sbin:/usr/local/bin:/usr/sbin:/usr/bin:/sbin:/bin:/usr/games:/usr/local/games:/snap/bin:/snap/bin'), ('SESSION_MANAGER', 'local/sam-ideapad:@/tmp/.ICE-unix/177318,unix/sam-ideapad:/tmp/.ICE-unix/177318'), ('GNOME_TERMINAL_SCREEN', '/org/gnome/Terminal/screen/aad69a9e_e14c_4fa0_b8d7_51caedc664c1'), ('XDG_MENU_PREFIX', 'gnome-'), ('GNOME_SETUP_DISPLAY', ':1'), ('XDG_RUNTIME_DIR', '/run/user/1000'), ('DISPLAY', ':0'), ('LANG', 'en_US.UTF-8'), ('XDG_CURRENT_DESKTOP', 'ubuntu:GNOME'), ('XDG_SESSION_DESKTOP', 'ubuntu'), ('GNOME_TERMINAL_SERVICE', ':1.2151'), ('XMODIFIERS', '@im=ibus'), ('XAUTHORITY', '/run/user/1000/.mutter-Xwaylandauth.Q9XJR2'), ('SSH_AUTH_SOCK', '/run/user/1000/keyring/ssh'), ('SSH_AGENT_LAUNCHER', 'gnome-keyring'), ('AMENT_PREFIX_PATH', '/opt/ros/humble'), ('SHELL', '/usr/bin/zsh'), ('QT_ACCESSIBILITY', '1'), ('GDMSESSION', 'ubuntu'), ('P9K_SSH', '0'), ('QT_IM_MODULE', 'ibus'), ('PWD', '/home/sam/Documents/code/project_billee_2025/ros2_ws/build/urdf_example'), ('XDG_CONFIG_DIRS', '/etc/xdg/xdg-ubuntu:/etc/xdg'), ('XDG_DATA_DIRS', '/usr/share/ubuntu:/usr/local/share/:/usr/share/:/var/lib/snapd/desktop'), ('_P9K_TTY', '/dev/pts/2'), ('PYTHONPATH', '/opt/ros/humble/lib/python3.10/site-packages:/opt/ros/humble/local/lib/python3.10/dist-packages'), ('COLCON', '1'), ('VTE_VERSION', '6800'), ('CMAKE_PREFIX_PATH', '/opt/ros/humble')]), 'shell': False}
[0.084610] (urdf_example) CommandEnded: {'returncode': 0}
[0.098874] (-) TimerEvent: {}
[0.132500] (urdf_example) JobProgress: {'identifier': 'urdf_example', 'progress': 'install'}
[0.150478] (urdf_example) Command: {'cmd': ['/usr/bin/cmake', '--install', '/home/sam/Documents/code/project_billee_2025/ros2_ws/build/urdf_example'], 'cwd': '/home/sam/Documents/code/project_billee_2025/ros2_ws/build/urdf_example', 'env': OrderedDict([('USER', 'sam'), ('XDG_SESSION_TYPE', 'wayland'), ('SHLVL', '1'), ('LD_LIBRARY_PATH', '/usr/lib/x86_64-linux-gnu/gazebo-11/plugins:/opt/ros/humble/opt/rviz_ogre_vendor/lib:/opt/ros/humble/lib/x86_64-linux-gnu:/opt/ros/humble/lib'), ('OLDPWD', '/home/sam/Documents/code/project_billee_2025/ros2_ws/src'), ('HOME', '/home/sam'), ('DESKTOP_SESSION', 'ubuntu'), ('GTK_MODULES', 'gail:atk-bridge'), ('GNOME_SHELL_SESSION_MODE', 'ubuntu'), ('ROS_PYTHON_VERSION', '3'), ('SYSTEMD_EXEC_PID', '634422'), ('DBUS_SESSION_BUS_ADDRESS', 'unix:path=/run/user/1000/bus'), ('P9K_TTY', 'old'), ('COLORTERM', 'truecolor'), ('_colcon_cd_root', '/opt/ros/humble/'), ('WAYLAND_DISPLAY', 'wayland-0'), ('IM_CONFIG_PHASE', '1'), ('ROS_DISTRO', 'humble'), ('LOGNAME', 'sam'), ('_', '/usr/bin/colcon'), ('_P9K_SSH_TTY', '/dev/pts/2'), ('XDG_SESSION_CLASS', 'user'), ('ROS_VERSION', '2'), ('USERNAME', 'sam'), ('TERM', 'xterm-256color'), ('GNOME_DESKTOP_SESSION_ID', 'this-is-deprecated'), ('ROS_LOCALHOST_ONLY', '0'), ('PATH', '/opt/ros/humble/bin:/usr/local/sbin:/usr/local/bin:/usr/sbin:/usr/bin:/sbin:/bin:/usr/games:/usr/local/games:/snap/bin:/snap/bin'), ('SESSION_MANAGER', 'local/sam-ideapad:@/tmp/.ICE-unix/177318,unix/sam-ideapad:/tmp/.ICE-unix/177318'), ('GNOME_TERMINAL_SCREEN', '/org/gnome/Terminal/screen/aad69a9e_e14c_4fa0_b8d7_51caedc664c1'), ('XDG_MENU_PREFIX', 'gnome-'), ('GNOME_SETUP_DISPLAY', ':1'), ('XDG_RUNTIME_DIR', '/run/user/1000'), ('DISPLAY', ':0'), ('LANG', 'en_US.UTF-8'), ('XDG_CURRENT_DESKTOP', 'ubuntu:GNOME'), ('XDG_SESSION_DESKTOP', 'ubuntu'), ('GNOME_TERMINAL_SERVICE', ':1.2151'), ('XMODIFIERS', '@im=ibus'), ('XAUTHORITY', '/run/user/1000/.mutter-Xwaylandauth.Q9XJR2'), ('SSH_AUTH_SOCK', '/run/user/1000/keyring/ssh'), ('SSH_AGENT_LAUNCHER', 'gnome-keyring'), ('AMENT_PREFIX_PATH', '/opt/ros/humble'), ('SHELL', '/usr/bin/zsh'), ('QT_ACCESSIBILITY', '1'), ('GDMSESSION', 'ubuntu'), ('P9K_SSH', '0'), ('QT_IM_MODULE', 'ibus'), ('PWD', '/home/sam/Documents/code/project_billee_2025/ros2_ws/build/urdf_example'), ('XDG_CONFIG_DIRS', '/etc/xdg/xdg-ubuntu:/etc/xdg'), ('XDG_DATA_DIRS', '/usr/share/ubuntu:/usr/local/share/:/usr/share/:/var/lib/snapd/desktop'), ('_P9K_TTY', '/dev/pts/2'), ('PYTHONPATH', '/opt/ros/humble/lib/python3.10/site-packages:/opt/ros/humble/local/lib/python3.10/dist-packages'), ('COLCON', '1'), ('VTE_VERSION', '6800'), ('CMAKE_PREFIX_PATH', '/opt/ros/humble')]), 'shell': False}
[0.163225] (urdf_example) StdoutLine: {'line': b'-- Install configuration: ""\n'}
[0.163992] (urdf_example) StdoutLine: {'line': b'-- Up-to-date: /home/sam/Documents/code/project_billee_2025/ros2_ws/install/urdf_example/share/urdf_example/description\n'}
[0.164318] (urdf_example) StdoutLine: {'line': b'-- Up-to-date: /home/sam/Documents/code/project_billee_2025/ros2_ws/install/urdf_example/share/urdf_example/description/example_include.xacro\n'}
[0.164509] (urdf_example) StdoutLine: {'line': b'-- Up-to-date: /home/sam/Documents/code/project_billee_2025/ros2_ws/install/urdf_example/share/urdf_example/description/example_gazebo.xacro\n'}
[0.164750] (urdf_example) StdoutLine: {'line': b'-- Up-to-date: /home/sam/Documents/code/project_billee_2025/ros2_ws/install/urdf_example/share/urdf_example/description/example_robot.urdf.xacro\n'}
[0.165070] (urdf_example) StdoutLine: {'line': b'-- Up-to-date: /home/sam/Documents/code/project_billee_2025/ros2_ws/install/urdf_example/share/urdf_example/launch\n'}
[0.165250] (urdf_example) StdoutLine: {'line': b'-- Up-to-date: /home/sam/Documents/code/project_billee_2025/ros2_ws/install/urdf_example/share/urdf_example/launch/rsp.launch.py\n'}
[0.165421] (urdf_example) StdoutLine: {'line': b'-- Up-to-date: /home/sam/Documents/code/project_billee_2025/ros2_ws/install/urdf_example/share/urdf_example/launch/rsp_sim.launch.py\n'}
[0.165638] (urdf_example) StdoutLine: {'line': b'-- Up-to-date: /home/sam/Documents/code/project_billee_2025/ros2_ws/install/urdf_example/share/urdf_example/worlds\n'}
[0.165801] (urdf_example) StdoutLine: {'line': b'-- Up-to-date: /home/sam/Documents/code/project_billee_2025/ros2_ws/install/urdf_example/share/urdf_example/worlds/test_world.world\n'}
[0.165962] (urdf_example) StdoutLine: {'line': b'-- Up-to-date: /home/sam/Documents/code/project_billee_2025/ros2_ws/install/urdf_example/share/ament_index/resource_index/package_run_dependencies/urdf_example\n'}
[0.166124] (urdf_example) StdoutLine: {'line': b'-- Up-to-date: /home/sam/Documents/code/project_billee_2025/ros2_ws/install/urdf_example/share/ament_index/resource_index/parent_prefix_path/urdf_example\n'}
[0.166285] (urdf_example) StdoutLine: {'line': b'-- Up-to-date: /home/sam/Documents/code/project_billee_2025/ros2_ws/install/urdf_example/share/urdf_example/environment/ament_prefix_path.sh\n'}
[0.166469] (urdf_example) StdoutLine: {'line': b'-- Up-to-date: /home/sam/Documents/code/project_billee_2025/ros2_ws/install/urdf_example/share/urdf_example/environment/ament_prefix_path.dsv\n'}
[0.166637] (urdf_example) StdoutLine: {'line': b'-- Up-to-date: /home/sam/Documents/code/project_billee_2025/ros2_ws/install/urdf_example/share/urdf_example/environment/path.sh\n'}
[0.166804] (urdf_example) StdoutLine: {'line': b'-- Up-to-date: /home/sam/Documents/code/project_billee_2025/ros2_ws/install/urdf_example/share/urdf_example/environment/path.dsv\n'}
[0.166974] (urdf_example) StdoutLine: {'line': b'-- Up-to-date: /home/sam/Documents/code/project_billee_2025/ros2_ws/install/urdf_example/share/urdf_example/local_setup.bash\n'}
[0.167144] (urdf_example) StdoutLine: {'line': b'-- Up-to-date: /home/sam/Documents/code/project_billee_2025/ros2_ws/install/urdf_example/share/urdf_example/local_setup.sh\n'}
[0.167314] (urdf_example) StdoutLine: {'line': b'-- Up-to-date: /home/sam/Documents/code/project_billee_2025/ros2_ws/install/urdf_example/share/urdf_example/local_setup.zsh\n'}
[0.167452] (urdf_example) StdoutLine: {'line': b'-- Up-to-date: /home/sam/Documents/code/project_billee_2025/ros2_ws/install/urdf_example/share/urdf_example/local_setup.dsv\n'}
[0.167531] (urdf_example) StdoutLine: {'line': b'-- Up-to-date: /home/sam/Documents/code/project_billee_2025/ros2_ws/install/urdf_example/share/urdf_example/package.dsv\n'}
[0.167610] (urdf_example) StdoutLine: {'line': b'-- Up-to-date: /home/sam/Documents/code/project_billee_2025/ros2_ws/install/urdf_example/share/ament_index/resource_index/packages/urdf_example\n'}
[0.167689] (urdf_example) StdoutLine: {'line': b'-- Up-to-date: /home/sam/Documents/code/project_billee_2025/ros2_ws/install/urdf_example/share/urdf_example/cmake/urdf_exampleConfig.cmake\n'}
[0.167768] (urdf_example) StdoutLine: {'line': b'-- Up-to-date: /home/sam/Documents/code/project_billee_2025/ros2_ws/install/urdf_example/share/urdf_example/cmake/urdf_exampleConfig-version.cmake\n'}
[0.167954] (urdf_example) StdoutLine: {'line': b'-- Up-to-date: /home/sam/Documents/code/project_billee_2025/ros2_ws/install/urdf_example/share/urdf_example/package.xml\n'}
[0.169323] (urdf_example) CommandEnded: {'returncode': 0}
[0.199082] (-) TimerEvent: {}
[0.230733] (urdf_example) JobEnded: {'identifier': 'urdf_example', 'rc': 0}
[0.232182] (-) EventReactorShutdown: {}
