[0.088s] DEBUG:colcon:Command line arguments: ['/usr/bin/colcon', 'build']
[0.088s] DEBUG:colcon:Parsed command line arguments: Namespace(log_base=None, log_level=None, verb_name='build', build_base='build', install_base='install', merge_install=False, symlink_install=False, test_result_base=None, continue_on_error=False, executor='parallel', parallel_workers=16, event_handlers=None, ignore_user_meta=False, metas=['./colcon.meta'], base_paths=['.'], packages_ignore=None, packages_ignore_regex=None, paths=None, packages_up_to=None, packages_up_to_regex=None, packages_above=None, packages_above_and_dependencies=None, packages_above_depth=None, packages_select_by_dep=None, packages_skip_by_dep=None, packages_skip_up_to=None, packages_select_build_failed=False, packages_skip_build_finished=False, packages_select_test_failures=False, packages_skip_test_passed=False, packages_select=None, packages_skip=None, packages_select_regex=None, packages_skip_regex=None, packages_start=None, packages_end=None, allow_overriding=[], cmake_args=None, cmake_target=None, cmake_target_skip_unavailable=False, cmake_clean_cache=False, cmake_clean_first=False, cmake_force_configure=False, ament_cmake_args=None, catkin_cmake_args=None, catkin_skip_building_tests=False, mixin_files=None, mixin=None, verb_parser=<colcon_mixin.mixin.mixin_argument.MixinArgumentDecorator object at 0x7f8dcb8f9a80>, verb_extension=<colcon_core.verb.build.BuildVerb object at 0x7f8dcba4a230>, main=<bound method BuildVerb.main of <colcon_core.verb.build.BuildVerb object at 0x7f8dcba4a230>>, mixin_verb=('build',))
[0.223s] Level 1:colcon.colcon_core.package_discovery:discover_packages(colcon_meta) check parameters
[0.223s] Level 1:colcon.colcon_core.package_discovery:discover_packages(recursive) check parameters
[0.223s] Level 1:colcon.colcon_core.package_discovery:discover_packages(ignore) check parameters
[0.223s] Level 1:colcon.colcon_core.package_discovery:discover_packages(path) check parameters
[0.223s] Level 1:colcon.colcon_core.package_discovery:discover_packages(colcon_meta) discover
[0.223s] Level 1:colcon.colcon_core.package_discovery:discover_packages(recursive) discover
[0.223s] INFO:colcon.colcon_core.package_discovery:Crawling recursively for packages in '/home/sam/Documents/code/project_billee_2025/ros2_ws'
[0.223s] Level 1:colcon.colcon_core.package_identification:_identify(.) by extensions ['ignore', 'ignore_ament_install']
[0.223s] Level 1:colcon.colcon_core.package_identification:_identify(.) by extension 'ignore'
[0.223s] Level 1:colcon.colcon_core.package_identification:_identify(.) by extension 'ignore_ament_install'
[0.223s] Level 1:colcon.colcon_core.package_identification:_identify(.) by extensions ['colcon_pkg']
[0.223s] Level 1:colcon.colcon_core.package_identification:_identify(.) by extension 'colcon_pkg'
[0.223s] Level 1:colcon.colcon_core.package_identification:_identify(.) by extensions ['colcon_meta']
[0.223s] Level 1:colcon.colcon_core.package_identification:_identify(.) by extension 'colcon_meta'
[0.223s] Level 1:colcon.colcon_core.package_identification:_identify(.) by extensions ['ros']
[0.223s] Level 1:colcon.colcon_core.package_identification:_identify(.) by extension 'ros'
[0.232s] Level 1:colcon.colcon_core.package_identification:_identify(.) by extensions ['cmake', 'python']
[0.233s] Level 1:colcon.colcon_core.package_identification:_identify(.) by extension 'cmake'
[0.233s] Level 1:colcon.colcon_core.package_identification:_identify(.) by extension 'python'
[0.233s] Level 1:colcon.colcon_core.package_identification:_identify(.) by extensions ['python_setup_py']
[0.233s] Level 1:colcon.colcon_core.package_identification:_identify(.) by extension 'python_setup_py'
[0.233s] Level 1:colcon.colcon_core.package_identification:_identify(build) by extensions ['ignore', 'ignore_ament_install']
[0.233s] Level 1:colcon.colcon_core.package_identification:_identify(build) by extension 'ignore'
[0.233s] Level 1:colcon.colcon_core.package_identification:_identify(build) ignored
[0.233s] Level 1:colcon.colcon_core.package_identification:_identify(install) by extensions ['ignore', 'ignore_ament_install']
[0.233s] Level 1:colcon.colcon_core.package_identification:_identify(install) by extension 'ignore'
[0.233s] Level 1:colcon.colcon_core.package_identification:_identify(install) ignored
[0.233s] Level 1:colcon.colcon_core.package_identification:_identify(log) by extensions ['ignore', 'ignore_ament_install']
[0.233s] Level 1:colcon.colcon_core.package_identification:_identify(log) by extension 'ignore'
[0.233s] Level 1:colcon.colcon_core.package_identification:_identify(log) ignored
[0.233s] Level 1:colcon.colcon_core.package_identification:_identify(src) by extensions ['ignore', 'ignore_ament_install']
[0.233s] Level 1:colcon.colcon_core.package_identification:_identify(src) by extension 'ignore'
[0.233s] Level 1:colcon.colcon_core.package_identification:_identify(src) by extension 'ignore_ament_install'
[0.233s] Level 1:colcon.colcon_core.package_identification:_identify(src) by extensions ['colcon_pkg']
[0.233s] Level 1:colcon.colcon_core.package_identification:_identify(src) by extension 'colcon_pkg'
[0.233s] Level 1:colcon.colcon_core.package_identification:_identify(src) by extensions ['colcon_meta']
[0.234s] Level 1:colcon.colcon_core.package_identification:_identify(src) by extension 'colcon_meta'
[0.234s] Level 1:colcon.colcon_core.package_identification:_identify(src) by extensions ['ros']
[0.234s] Level 1:colcon.colcon_core.package_identification:_identify(src) by extension 'ros'
[0.234s] Level 1:colcon.colcon_core.package_identification:_identify(src) by extensions ['cmake', 'python']
[0.234s] Level 1:colcon.colcon_core.package_identification:_identify(src) by extension 'cmake'
[0.234s] Level 1:colcon.colcon_core.package_identification:_identify(src) by extension 'python'
[0.234s] Level 1:colcon.colcon_core.package_identification:_identify(src) by extensions ['python_setup_py']
[0.234s] Level 1:colcon.colcon_core.package_identification:_identify(src) by extension 'python_setup_py'
[0.234s] Level 1:colcon.colcon_core.package_identification:_identify(src/urdf_example) by extensions ['ignore', 'ignore_ament_install']
[0.234s] Level 1:colcon.colcon_core.package_identification:_identify(src/urdf_example) by extension 'ignore'
[0.234s] Level 1:colcon.colcon_core.package_identification:_identify(src/urdf_example) by extension 'ignore_ament_install'
[0.234s] Level 1:colcon.colcon_core.package_identification:_identify(src/urdf_example) by extensions ['colcon_pkg']
[0.234s] Level 1:colcon.colcon_core.package_identification:_identify(src/urdf_example) by extension 'colcon_pkg'
[0.234s] Level 1:colcon.colcon_core.package_identification:_identify(src/urdf_example) by extensions ['colcon_meta']
[0.234s] Level 1:colcon.colcon_core.package_identification:_identify(src/urdf_example) by extension 'colcon_meta'
[0.234s] Level 1:colcon.colcon_core.package_identification:_identify(src/urdf_example) by extensions ['ros']
[0.234s] Level 1:colcon.colcon_core.package_identification:_identify(src/urdf_example) by extension 'ros'
[0.236s] DEBUG:colcon.colcon_core.package_identification:Package 'src/urdf_example' with type 'ros.ament_cmake' and name 'urdf_example'
[0.236s] Level 1:colcon.colcon_core.package_discovery:discover_packages(recursive) using defaults
[0.236s] Level 1:colcon.colcon_core.package_discovery:discover_packages(ignore) discover
[0.236s] Level 1:colcon.colcon_core.package_discovery:discover_packages(ignore) using defaults
[0.236s] Level 1:colcon.colcon_core.package_discovery:discover_packages(path) discover
[0.236s] Level 1:colcon.colcon_core.package_discovery:discover_packages(path) using defaults
[0.251s] Level 1:colcon.colcon_core.package_discovery:discover_packages(prefix_path) check parameters
[0.252s] Level 1:colcon.colcon_core.package_discovery:discover_packages(prefix_path) discover
[0.253s] DEBUG:colcon.colcon_installed_package_information.package_discovery:Found 1 installed packages in /home/sam/Documents/code/project_billee_2025/install
[0.253s] DEBUG:colcon.colcon_installed_package_information.package_discovery:Found 2 installed packages in /home/sam/Documents/code/project_billee_2025/ros2_ws/install
[0.254s] DEBUG:colcon.colcon_installed_package_information.package_discovery:Found 280 installed packages in /opt/ros/humble
[0.269s] Level 1:colcon.colcon_core.package_discovery:discover_packages(prefix_path) using defaults
[0.298s] Level 5:colcon.colcon_core.verb:set package 'urdf_example' build argument 'cmake_args' from command line to 'None'
[0.298s] Level 5:colcon.colcon_core.verb:set package 'urdf_example' build argument 'cmake_target' from command line to 'None'
[0.298s] Level 5:colcon.colcon_core.verb:set package 'urdf_example' build argument 'cmake_target_skip_unavailable' from command line to 'False'
[0.298s] Level 5:colcon.colcon_core.verb:set package 'urdf_example' build argument 'cmake_clean_cache' from command line to 'False'
[0.298s] Level 5:colcon.colcon_core.verb:set package 'urdf_example' build argument 'cmake_clean_first' from command line to 'False'
[0.298s] Level 5:colcon.colcon_core.verb:set package 'urdf_example' build argument 'cmake_force_configure' from command line to 'False'
[0.298s] Level 5:colcon.colcon_core.verb:set package 'urdf_example' build argument 'ament_cmake_args' from command line to 'None'
[0.299s] Level 5:colcon.colcon_core.verb:set package 'urdf_example' build argument 'catkin_cmake_args' from command line to 'None'
[0.299s] Level 5:colcon.colcon_core.verb:set package 'urdf_example' build argument 'catkin_skip_building_tests' from command line to 'False'
[0.299s] DEBUG:colcon.colcon_core.verb:Building package 'urdf_example' with the following arguments: {'ament_cmake_args': None, 'build_base': '/home/sam/Documents/code/project_billee_2025/ros2_ws/build/urdf_example', 'catkin_cmake_args': None, 'catkin_skip_building_tests': False, 'cmake_args': None, 'cmake_clean_cache': False, 'cmake_clean_first': False, 'cmake_force_configure': False, 'cmake_target': None, 'cmake_target_skip_unavailable': False, 'install_base': '/home/sam/Documents/code/project_billee_2025/ros2_ws/install/urdf_example', 'merge_install': False, 'path': '/home/sam/Documents/code/project_billee_2025/ros2_ws/src/urdf_example', 'symlink_install': False, 'test_result_base': None}
[0.299s] INFO:colcon.colcon_core.executor:Executing jobs using 'parallel' executor
[0.300s] DEBUG:colcon.colcon_parallel_executor.executor.parallel:run_until_complete
[0.300s] INFO:colcon.colcon_ros.task.ament_cmake.build:Building ROS package in '/home/sam/Documents/code/project_billee_2025/ros2_ws/src/urdf_example' with build type 'ament_cmake'
[0.300s] INFO:colcon.colcon_cmake.task.cmake.build:Building CMake package in '/home/sam/Documents/code/project_billee_2025/ros2_ws/src/urdf_example'
[0.302s] INFO:colcon.colcon_core.plugin_system:Skipping extension 'colcon_core.shell.bat': Not used on non-Windows systems
[0.302s] INFO:colcon.colcon_core.shell:Skip shell extension 'powershell' for command environment: Not usable outside of PowerShell
[0.302s] DEBUG:colcon.colcon_core.shell:Skip shell extension 'dsv' for command environment
[0.314s] DEBUG:colcon.colcon_core.event_handler.log_command:Invoking command in '/home/sam/Documents/code/project_billee_2025/ros2_ws/build/urdf_example': CMAKE_PREFIX_PATH=${CMAKE_PREFIX_PATH}:/home/sam/Documents/code/project_billee_2025/install/manual_movement:/home/sam/Documents/code/project_billee_2025/ros2_ws/install/manual_movement:/opt/ros/humble /usr/bin/cmake --build /home/sam/Documents/code/project_billee_2025/ros2_ws/build/urdf_example -- -j16 -l16
[0.360s] DEBUG:colcon.colcon_core.event_handler.log_command:Invoked command in '/home/sam/Documents/code/project_billee_2025/ros2_ws/build/urdf_example' returned '0': CMAKE_PREFIX_PATH=${CMAKE_PREFIX_PATH}:/home/sam/Documents/code/project_billee_2025/install/manual_movement:/home/sam/Documents/code/project_billee_2025/ros2_ws/install/manual_movement:/opt/ros/humble /usr/bin/cmake --build /home/sam/Documents/code/project_billee_2025/ros2_ws/build/urdf_example -- -j16 -l16
[0.398s] DEBUG:colcon.colcon_core.event_handler.log_command:Invoking command in '/home/sam/Documents/code/project_billee_2025/ros2_ws/build/urdf_example': CMAKE_PREFIX_PATH=${CMAKE_PREFIX_PATH}:/home/sam/Documents/code/project_billee_2025/install/manual_movement:/home/sam/Documents/code/project_billee_2025/ros2_ws/install/manual_movement:/opt/ros/humble /usr/bin/cmake --install /home/sam/Documents/code/project_billee_2025/ros2_ws/build/urdf_example
[0.409s] Level 1:colcon.colcon_core.environment:create_environment_scripts_only(urdf_example)
[0.409s] DEBUG:colcon.colcon_core.event_handler.log_command:Invoked command in '/home/sam/Documents/code/project_billee_2025/ros2_ws/build/urdf_example' returned '0': CMAKE_PREFIX_PATH=${CMAKE_PREFIX_PATH}:/home/sam/Documents/code/project_billee_2025/install/manual_movement:/home/sam/Documents/code/project_billee_2025/ros2_ws/install/manual_movement:/opt/ros/humble /usr/bin/cmake --install /home/sam/Documents/code/project_billee_2025/ros2_ws/build/urdf_example
[0.412s] Level 1:colcon.colcon_core.environment:checking '/home/sam/Documents/code/project_billee_2025/ros2_ws/install/urdf_example' for CMake module files
[0.412s] Level 1:colcon.colcon_core.environment:checking '/home/sam/Documents/code/project_billee_2025/ros2_ws/install/urdf_example' for CMake config files
[0.413s] Level 1:colcon.colcon_core.shell:create_environment_hook('urdf_example', 'cmake_prefix_path')
[0.413s] INFO:colcon.colcon_core.shell:Creating environment hook '/home/sam/Documents/code/project_billee_2025/ros2_ws/install/urdf_example/share/urdf_example/hook/cmake_prefix_path.ps1'
[0.414s] INFO:colcon.colcon_core.shell:Creating environment descriptor '/home/sam/Documents/code/project_billee_2025/ros2_ws/install/urdf_example/share/urdf_example/hook/cmake_prefix_path.dsv'
[0.414s] INFO:colcon.colcon_core.shell:Creating environment hook '/home/sam/Documents/code/project_billee_2025/ros2_ws/install/urdf_example/share/urdf_example/hook/cmake_prefix_path.sh'
[0.415s] Level 1:colcon.colcon_core.environment:checking '/home/sam/Documents/code/project_billee_2025/ros2_ws/install/urdf_example/bin'
[0.415s] Level 1:colcon.colcon_core.environment:checking '/home/sam/Documents/code/project_billee_2025/ros2_ws/install/urdf_example/lib/pkgconfig/urdf_example.pc'
[0.416s] Level 1:colcon.colcon_core.environment:checking '/home/sam/Documents/code/project_billee_2025/ros2_ws/install/urdf_example/lib/python3.10/site-packages'
[0.416s] Level 1:colcon.colcon_core.environment:checking '/home/sam/Documents/code/project_billee_2025/ros2_ws/install/urdf_example/bin'
[0.416s] INFO:colcon.colcon_core.shell:Creating package script '/home/sam/Documents/code/project_billee_2025/ros2_ws/install/urdf_example/share/urdf_example/package.ps1'
[0.417s] INFO:colcon.colcon_core.shell:Creating package descriptor '/home/sam/Documents/code/project_billee_2025/ros2_ws/install/urdf_example/share/urdf_example/package.dsv'
[0.417s] INFO:colcon.colcon_core.shell:Creating package script '/home/sam/Documents/code/project_billee_2025/ros2_ws/install/urdf_example/share/urdf_example/package.sh'
[0.418s] INFO:colcon.colcon_core.shell:Creating package script '/home/sam/Documents/code/project_billee_2025/ros2_ws/install/urdf_example/share/urdf_example/package.bash'
[0.418s] INFO:colcon.colcon_core.shell:Creating package script '/home/sam/Documents/code/project_billee_2025/ros2_ws/install/urdf_example/share/urdf_example/package.zsh'
[0.419s] Level 1:colcon.colcon_core.environment:create_file_with_runtime_dependencies(/home/sam/Documents/code/project_billee_2025/ros2_ws/install/urdf_example/share/colcon-core/packages/urdf_example)
[0.447s] Level 1:colcon.colcon_core.environment:create_environment_scripts_only(urdf_example)
[0.447s] Level 1:colcon.colcon_core.environment:checking '/home/sam/Documents/code/project_billee_2025/ros2_ws/install/urdf_example' for CMake module files
[0.448s] Level 1:colcon.colcon_core.environment:checking '/home/sam/Documents/code/project_billee_2025/ros2_ws/install/urdf_example' for CMake config files
[0.448s] Level 1:colcon.colcon_core.shell:create_environment_hook('urdf_example', 'cmake_prefix_path')
[0.448s] INFO:colcon.colcon_core.shell:Creating environment hook '/home/sam/Documents/code/project_billee_2025/ros2_ws/install/urdf_example/share/urdf_example/hook/cmake_prefix_path.ps1'
[0.449s] INFO:colcon.colcon_core.shell:Creating environment descriptor '/home/sam/Documents/code/project_billee_2025/ros2_ws/install/urdf_example/share/urdf_example/hook/cmake_prefix_path.dsv'
[0.449s] INFO:colcon.colcon_core.shell:Creating environment hook '/home/sam/Documents/code/project_billee_2025/ros2_ws/install/urdf_example/share/urdf_example/hook/cmake_prefix_path.sh'
[0.450s] Level 1:colcon.colcon_core.environment:checking '/home/sam/Documents/code/project_billee_2025/ros2_ws/install/urdf_example/bin'
[0.450s] Level 1:colcon.colcon_core.environment:checking '/home/sam/Documents/code/project_billee_2025/ros2_ws/install/urdf_example/lib/pkgconfig/urdf_example.pc'
[0.450s] Level 1:colcon.colcon_core.environment:checking '/home/sam/Documents/code/project_billee_2025/ros2_ws/install/urdf_example/lib/python3.10/site-packages'
[0.450s] Level 1:colcon.colcon_core.environment:checking '/home/sam/Documents/code/project_billee_2025/ros2_ws/install/urdf_example/bin'
[0.450s] INFO:colcon.colcon_core.shell:Creating package script '/home/sam/Documents/code/project_billee_2025/ros2_ws/install/urdf_example/share/urdf_example/package.ps1'
[0.451s] INFO:colcon.colcon_core.shell:Creating package descriptor '/home/sam/Documents/code/project_billee_2025/ros2_ws/install/urdf_example/share/urdf_example/package.dsv'
[0.451s] INFO:colcon.colcon_core.shell:Creating package script '/home/sam/Documents/code/project_billee_2025/ros2_ws/install/urdf_example/share/urdf_example/package.sh'
[0.452s] INFO:colcon.colcon_core.shell:Creating package script '/home/sam/Documents/code/project_billee_2025/ros2_ws/install/urdf_example/share/urdf_example/package.bash'
[0.452s] INFO:colcon.colcon_core.shell:Creating package script '/home/sam/Documents/code/project_billee_2025/ros2_ws/install/urdf_example/share/urdf_example/package.zsh'
[0.452s] Level 1:colcon.colcon_core.environment:create_file_with_runtime_dependencies(/home/sam/Documents/code/project_billee_2025/ros2_ws/install/urdf_example/share/colcon-core/packages/urdf_example)
[0.452s] DEBUG:colcon.colcon_parallel_executor.executor.parallel:closing loop
[0.453s] DEBUG:colcon.colcon_parallel_executor.executor.parallel:loop closed
[0.453s] DEBUG:colcon.colcon_parallel_executor.executor.parallel:run_until_complete finished with '0'
[0.453s] DEBUG:colcon.colcon_core.event_reactor:joining thread
[0.458s] INFO:colcon.colcon_core.plugin_system:Skipping extension 'colcon_notification.desktop_notification.terminal_notifier': Not used on non-Darwin systems
[0.458s] INFO:colcon.colcon_core.plugin_system:Skipping extension 'colcon_notification.desktop_notification.win32': Not used on non-Windows systems
[0.458s] INFO:colcon.colcon_notification.desktop_notification:Sending desktop notification using 'notify2'
[0.470s] DEBUG:colcon.colcon_core.event_reactor:joined thread
[0.471s] INFO:colcon.colcon_core.shell:Creating prefix script '/home/sam/Documents/code/project_billee_2025/ros2_ws/install/local_setup.ps1'
[0.472s] INFO:colcon.colcon_core.shell:Creating prefix util module '/home/sam/Documents/code/project_billee_2025/ros2_ws/install/_local_setup_util_ps1.py'
[0.473s] INFO:colcon.colcon_core.shell:Creating prefix chain script '/home/sam/Documents/code/project_billee_2025/ros2_ws/install/setup.ps1'
[0.473s] INFO:colcon.colcon_core.shell:Creating prefix script '/home/sam/Documents/code/project_billee_2025/ros2_ws/install/local_setup.sh'
[0.474s] INFO:colcon.colcon_core.shell:Creating prefix util module '/home/sam/Documents/code/project_billee_2025/ros2_ws/install/_local_setup_util_sh.py'
[0.474s] INFO:colcon.colcon_core.shell:Creating prefix chain script '/home/sam/Documents/code/project_billee_2025/ros2_ws/install/setup.sh'
[0.476s] INFO:colcon.colcon_core.shell:Creating prefix script '/home/sam/Documents/code/project_billee_2025/ros2_ws/install/local_setup.bash'
[0.476s] INFO:colcon.colcon_core.shell:Creating prefix chain script '/home/sam/Documents/code/project_billee_2025/ros2_ws/install/setup.bash'
[0.477s] INFO:colcon.colcon_core.shell:Creating prefix script '/home/sam/Documents/code/project_billee_2025/ros2_ws/install/local_setup.zsh'
[0.477s] INFO:colcon.colcon_core.shell:Creating prefix chain script '/home/sam/Documents/code/project_billee_2025/ros2_ws/install/setup.zsh'
