[0.000000] (-) TimerEvent: {}
[0.000328] (manual_movement) JobQueued: {'identifier': 'manual_movement', 'dependencies': OrderedDict()}
[0.000392] (manual_movement) JobStarted: {'identifier': 'manual_movement'}
[0.099121] (-) TimerEvent: {}
[0.199536] (-) TimerEvent: {}
[0.299992] (-) TimerEvent: {}
[0.400364] (-) TimerEvent: {}
[0.463918] (manual_movement) Command: {'cmd': ['/usr/bin/python3', '-W', 'ignore:setup.py install is deprecated', 'setup.py', 'egg_info', '--egg-base', '../../build/manual_movement', 'build', '--build-base', '/home/sam/Documents/code/project_billee_2025/ros2_ws/build/manual_movement/build', 'install', '--record', '/home/sam/Documents/code/project_billee_2025/ros2_ws/build/manual_movement/install.log', '--single-version-externally-managed', 'install_data'], 'cwd': '/home/sam/Documents/code/project_billee_2025/ros2_ws/src/manual_movement', 'env': {'USER': 'sam', 'XDG_SESSION_TYPE': 'wayland', 'SHLVL': '1', 'LD_LIBRARY_PATH': '/opt/ros/humble/opt/rviz_ogre_vendor/lib:/opt/ros/humble/lib/x86_64-linux-gnu:/opt/ros/humble/lib', 'OLDPWD': '/home/sam/Documents/code/project_billee_2025/ros2_ws/src/manual_movement', 'HOME': '/home/sam', 'DESKTOP_SESSION': 'ubuntu', 'GNOME_SHELL_SESSION_MODE': 'ubuntu', 'GTK_MODULES': 'gail:atk-bridge', 'ROS_PYTHON_VERSION': '3', 'SYSTEMD_EXEC_PID': '177335', 'DBUS_SESSION_BUS_ADDRESS': 'unix:path=/run/user/1000/bus', 'P9K_TTY': 'old', 'COLORTERM': 'truecolor', '_colcon_cd_root': '/opt/ros/humble/', 'WAYLAND_DISPLAY': 'wayland-0', 'IM_CONFIG_PHASE': '1', 'ROS_DISTRO': 'humble', 'COLCON_PREFIX_PATH': '/home/sam/Documents/code/project_billee_2025/ros2_ws/install', 'LOGNAME': 'sam', '_': '/usr/bin/colcon', '_P9K_SSH_TTY': '/dev/pts/0', 'XDG_SESSION_CLASS': 'user', 'ROS_VERSION': '2', 'USERNAME': 'sam', 'TERM': 'xterm-256color', 'GNOME_DESKTOP_SESSION_ID': 'this-is-deprecated', 'ROS_LOCALHOST_ONLY': '0', 'PATH': '/opt/ros/humble/bin:/usr/local/sbin:/usr/local/bin:/usr/sbin:/usr/bin:/sbin:/bin:/usr/games:/usr/local/games:/snap/bin:/snap/bin', 'SESSION_MANAGER': 'local/sam-ideapad:@/tmp/.ICE-unix/177318,unix/sam-ideapad:/tmp/.ICE-unix/177318', 'GNOME_TERMINAL_SCREEN': '/org/gnome/Terminal/screen/2ae0519a_184a_4e29_94f9_72a0178db7dd', 'XDG_MENU_PREFIX': 'gnome-', 'GNOME_SETUP_DISPLAY': ':1', 'XDG_RUNTIME_DIR': '/run/user/1000', 'DISPLAY': ':0', 'LANG': 'en_US.UTF-8', 'XDG_CURRENT_DESKTOP': 'ubuntu:GNOME', 'XDG_SESSION_DESKTOP': 'ubuntu', 'GNOME_TERMINAL_SERVICE': ':1.1689', 'XMODIFIERS': '@im=ibus', 'XAUTHORITY': '/run/user/1000/.mutter-Xwaylandauth.Q9XJR2', 'SSH_AUTH_SOCK': '/run/user/1000/keyring/ssh', 'SSH_AGENT_LAUNCHER': 'gnome-keyring', 'AMENT_PREFIX_PATH': '/home/sam/Documents/code/project_billee_2025/ros2_ws/install/manual_movement:/opt/ros/humble', 'SHELL': '/usr/bin/zsh', 'QT_ACCESSIBILITY': '1', 'GDMSESSION': 'ubuntu', 'P9K_SSH': '0', 'QT_IM_MODULE': 'ibus', 'PWD': '/home/sam/Documents/code/project_billee_2025/ros2_ws/build/manual_movement', 'XDG_CONFIG_DIRS': '/etc/xdg/xdg-ubuntu:/etc/xdg', 'XDG_DATA_DIRS': '/usr/share/ubuntu:/usr/local/share/:/usr/share/:/var/lib/snapd/desktop', '_P9K_TTY': '/dev/pts/0', 'PYTHONPATH': '/home/sam/Documents/code/project_billee_2025/ros2_ws/build/manual_movement/prefix_override:/usr/lib/python3/dist-packages/colcon_core/task/python/colcon_distutils_commands:/home/sam/Documents/code/project_billee_2025/ros2_ws/install/manual_movement/lib/python3.10/site-packages:/home/sam/Documents/code/project_billee_2025/ros2_ws/install/manual_movement/lib/python3.10/site-packages:/opt/ros/humble/lib/python3.10/site-packages:/opt/ros/humble/local/lib/python3.10/dist-packages', 'COLCON': '1', 'VTE_VERSION': '6800'}, 'shell': False}
[0.500523] (-) TimerEvent: {}
[0.600974] (-) TimerEvent: {}
[0.645378] (manual_movement) StdoutLine: {'line': b'running egg_info\n'}
[0.645901] (manual_movement) StdoutLine: {'line': b'writing ../../build/manual_movement/manual_movement.egg-info/PKG-INFO\n'}
[0.646202] (manual_movement) StdoutLine: {'line': b'writing dependency_links to ../../build/manual_movement/manual_movement.egg-info/dependency_links.txt\n'}
[0.646563] (manual_movement) StdoutLine: {'line': b'writing entry points to ../../build/manual_movement/manual_movement.egg-info/entry_points.txt\n'}
[0.646703] (manual_movement) StdoutLine: {'line': b'writing requirements to ../../build/manual_movement/manual_movement.egg-info/requires.txt\n'}
[0.646816] (manual_movement) StdoutLine: {'line': b'writing top-level names to ../../build/manual_movement/manual_movement.egg-info/top_level.txt\n'}
[0.647876] (manual_movement) StdoutLine: {'line': b"reading manifest file '../../build/manual_movement/manual_movement.egg-info/SOURCES.txt'\n"}
[0.648494] (manual_movement) StdoutLine: {'line': b"writing manifest file '../../build/manual_movement/manual_movement.egg-info/SOURCES.txt'\n"}
[0.648645] (manual_movement) StdoutLine: {'line': b'running build\n'}
[0.648751] (manual_movement) StdoutLine: {'line': b'running build_py\n'}
[0.648880] (manual_movement) StdoutLine: {'line': b'copying manual_movement/converter.py -> /home/sam/Documents/code/project_billee_2025/ros2_ws/build/manual_movement/build/lib/manual_movement\n'}
[0.649000] (manual_movement) StdoutLine: {'line': b'running install\n'}
[0.649237] (manual_movement) StdoutLine: {'line': b'running install_lib\n'}
[0.649800] (manual_movement) StdoutLine: {'line': b'copying /home/sam/Documents/code/project_billee_2025/ros2_ws/build/manual_movement/build/lib/manual_movement/converter.py -> /home/sam/Documents/code/project_billee_2025/ros2_ws/install/manual_movement/lib/python3.10/site-packages/manual_movement\n'}
[0.650265] (manual_movement) StdoutLine: {'line': b'byte-compiling /home/sam/Documents/code/project_billee_2025/ros2_ws/install/manual_movement/lib/python3.10/site-packages/manual_movement/converter.py to converter.cpython-310.pyc\n'}
[0.650725] (manual_movement) StdoutLine: {'line': b'running install_data\n'}
[0.650873] (manual_movement) StdoutLine: {'line': b'running install_egg_info\n'}
[0.652185] (manual_movement) StdoutLine: {'line': b"removing '/home/sam/Documents/code/project_billee_2025/ros2_ws/install/manual_movement/lib/python3.10/site-packages/manual_movement-0.0.0-py3.10.egg-info' (and everything under it)\n"}
[0.652500] (manual_movement) StdoutLine: {'line': b'Copying ../../build/manual_movement/manual_movement.egg-info to /home/sam/Documents/code/project_billee_2025/ros2_ws/install/manual_movement/lib/python3.10/site-packages/manual_movement-0.0.0-py3.10.egg-info\n'}
[0.653241] (manual_movement) StdoutLine: {'line': b'running install_scripts\n'}
[0.670140] (manual_movement) StdoutLine: {'line': b'Installing converter script to /home/sam/Documents/code/project_billee_2025/ros2_ws/install/manual_movement/lib/manual_movement\n'}
[0.670446] (manual_movement) StdoutLine: {'line': b"writing list of installed files to '/home/sam/Documents/code/project_billee_2025/ros2_ws/build/manual_movement/install.log'\n"}
[0.698061] (manual_movement) CommandEnded: {'returncode': 0}
[0.701091] (-) TimerEvent: {}
[0.706309] (manual_movement) JobEnded: {'identifier': 'manual_movement', 'rc': 0}
[0.706836] (-) EventReactorShutdown: {}
