[0.011s] Invoking command in '/home/sam/Documents/code/project_billee_2025/ros2_ws/build/urdf_example': CMAKE_PREFIX_PATH=${CMAKE_PREFIX_PATH}:/home/sam/Documents/code/project_billee_2025/install/manual_movement:/home/sam/Documents/code/project_billee_2025/ros2_ws/install/manual_movement:/opt/ros/humble /usr/bin/cmake --build /home/sam/Documents/code/project_billee_2025/ros2_ws/build/urdf_example -- -j16 -l16
[0.053s] Invoked command in '/home/sam/Documents/code/project_billee_2025/ros2_ws/build/urdf_example' returned '0': CMAKE_PREFIX_PATH=${CMAKE_PREFIX_PATH}:/home/sam/Documents/code/project_billee_2025/install/manual_movement:/home/sam/Documents/code/project_billee_2025/ros2_ws/install/manual_movement:/opt/ros/humble /usr/bin/cmake --build /home/sam/Documents/code/project_billee_2025/ros2_ws/build/urdf_example -- -j16 -l16
[0.091s] Invoking command in '/home/sam/Documents/code/project_billee_2025/ros2_ws/build/urdf_example': CMAKE_PREFIX_PATH=${CMAKE_PREFIX_PATH}:/home/sam/Documents/code/project_billee_2025/install/manual_movement:/home/sam/Documents/code/project_billee_2025/ros2_ws/install/manual_movement:/opt/ros/humble /usr/bin/cmake --install /home/sam/Documents/code/project_billee_2025/ros2_ws/build/urdf_example
[0.099s] -- Install configuration: ""
[0.099s] -- Up-to-date: /home/sam/Documents/code/project_billee_2025/ros2_ws/install/urdf_example/share/urdf_example/description
[0.099s] -- Up-to-date: /home/sam/Documents/code/project_billee_2025/ros2_ws/install/urdf_example/share/urdf_example/description/example_include.xacro
[0.099s] -- Installing: /home/sam/Documents/code/project_billee_2025/ros2_ws/install/urdf_example/share/urdf_example/description/example_gazebo.xacro
[0.099s] -- Up-to-date: /home/sam/Documents/code/project_billee_2025/ros2_ws/install/urdf_example/share/urdf_example/description/example_robot.urdf.xacro
[0.099s] -- Up-to-date: /home/sam/Documents/code/project_billee_2025/ros2_ws/install/urdf_example/share/urdf_example/launch
[0.099s] -- Up-to-date: /home/sam/Documents/code/project_billee_2025/ros2_ws/install/urdf_example/share/urdf_example/launch/rsp.launch.py
[0.099s] -- Up-to-date: /home/sam/Documents/code/project_billee_2025/ros2_ws/install/urdf_example/share/urdf_example/launch/rsp_sim.launch.py
[0.099s] -- Up-to-date: /home/sam/Documents/code/project_billee_2025/ros2_ws/install/urdf_example/share/urdf_example/worlds
[0.100s] -- Up-to-date: /home/sam/Documents/code/project_billee_2025/ros2_ws/install/urdf_example/share/urdf_example/worlds/test_world.world
[0.100s] -- Up-to-date: /home/sam/Documents/code/project_billee_2025/ros2_ws/install/urdf_example/share/ament_index/resource_index/package_run_dependencies/urdf_example
[0.100s] -- Up-to-date: /home/sam/Documents/code/project_billee_2025/ros2_ws/install/urdf_example/share/ament_index/resource_index/parent_prefix_path/urdf_example
[0.100s] -- Up-to-date: /home/sam/Documents/code/project_billee_2025/ros2_ws/install/urdf_example/share/urdf_example/environment/ament_prefix_path.sh
[0.100s] -- Up-to-date: /home/sam/Documents/code/project_billee_2025/ros2_ws/install/urdf_example/share/urdf_example/environment/ament_prefix_path.dsv
[0.100s] -- Up-to-date: /home/sam/Documents/code/project_billee_2025/ros2_ws/install/urdf_example/share/urdf_example/environment/path.sh
[0.100s] -- Up-to-date: /home/sam/Documents/code/project_billee_2025/ros2_ws/install/urdf_example/share/urdf_example/environment/path.dsv
[0.100s] -- Up-to-date: /home/sam/Documents/code/project_billee_2025/ros2_ws/install/urdf_example/share/urdf_example/local_setup.bash
[0.100s] -- Up-to-date: /home/sam/Documents/code/project_billee_2025/ros2_ws/install/urdf_example/share/urdf_example/local_setup.sh
[0.100s] -- Up-to-date: /home/sam/Documents/code/project_billee_2025/ros2_ws/install/urdf_example/share/urdf_example/local_setup.zsh
[0.100s] -- Up-to-date: /home/sam/Documents/code/project_billee_2025/ros2_ws/install/urdf_example/share/urdf_example/local_setup.dsv
[0.100s] -- Installing: /home/sam/Documents/code/project_billee_2025/ros2_ws/install/urdf_example/share/urdf_example/package.dsv
[0.100s] -- Up-to-date: /home/sam/Documents/code/project_billee_2025/ros2_ws/install/urdf_example/share/ament_index/resource_index/packages/urdf_example
[0.100s] -- Up-to-date: /home/sam/Documents/code/project_billee_2025/ros2_ws/install/urdf_example/share/urdf_example/cmake/urdf_exampleConfig.cmake
[0.100s] -- Up-to-date: /home/sam/Documents/code/project_billee_2025/ros2_ws/install/urdf_example/share/urdf_example/cmake/urdf_exampleConfig-version.cmake
[0.100s] -- Up-to-date: /home/sam/Documents/code/project_billee_2025/ros2_ws/install/urdf_example/share/urdf_example/package.xml
[0.101s] Invoked command in '/home/sam/Documents/code/project_billee_2025/ros2_ws/build/urdf_example' returned '0': CMAKE_PREFIX_PATH=${CMAKE_PREFIX_PATH}:/home/sam/Documents/code/project_billee_2025/install/manual_movement:/home/sam/Documents/code/project_billee_2025/ros2_ws/install/manual_movement:/opt/ros/humble /usr/bin/cmake --install /home/sam/Documents/code/project_billee_2025/ros2_ws/build/urdf_example
