[0.015s] Invoking command in '/home/sam/Documents/code/project_billee_2025/ros2_ws/build/urdf_example': CMAKE_PREFIX_PATH=/opt/ros/humble /usr/bin/cmake /home/sam/Documents/code/project_billee_2025/ros2_ws/src/urdf_example -DCMAKE_INSTALL_PREFIX=/home/sam/Documents/code/project_billee_2025/ros2_ws/install/urdf_example
[0.118s] -- The C compiler identification is GNU 11.4.0
[0.210s] -- The CXX compiler identification is GNU 11.4.0
[0.225s] -- Detecting C compiler ABI info
[0.336s] -- Detecting C compiler ABI info - done
[0.346s] -- Check for working C compiler: /usr/bin/cc - skipped
[0.346s] -- Detecting C compile features
[0.347s] -- Detecting C compile features - done
[0.351s] -- Detecting CXX compiler ABI info
[0.473s] -- Detecting CXX compiler ABI info - done
[0.483s] -- Check for working CXX compiler: /usr/bin/c++ - skipped
[0.483s] -- Detecting CXX compile features
[0.484s] -- Detecting CXX compile features - done
[0.490s] -- Found ament_cmake: 1.3.10 (/opt/ros/humble/share/ament_cmake/cmake)
[0.687s] -- Found Python3: /usr/bin/python3 (found version "3.10.12") found components: Interpreter 
[0.808s] -- Found ament_lint_auto: 0.12.11 (/opt/ros/humble/share/ament_lint_auto/cmake)
[0.906s] -- Added test 'copyright' to check source files copyright and LICENSE
[0.910s] -- Added test 'flake8' to check Python code syntax and style conventions
[0.910s] -- Added test 'lint_cmake' to check CMake code style
[0.910s] -- Added test 'pep257' to check Python code against some of the docstring style conventions in PEP 257
[0.912s] -- Added test 'xmllint' to check XML markup files
[0.914s] -- Configuring done
[0.918s] -- Generating done
[0.920s] -- Build files have been written to: /home/sam/Documents/code/project_billee_2025/ros2_ws/build/urdf_example
[0.926s] Invoked command in '/home/sam/Documents/code/project_billee_2025/ros2_ws/build/urdf_example' returned '0': CMAKE_PREFIX_PATH=/opt/ros/humble /usr/bin/cmake /home/sam/Documents/code/project_billee_2025/ros2_ws/src/urdf_example -DCMAKE_INSTALL_PREFIX=/home/sam/Documents/code/project_billee_2025/ros2_ws/install/urdf_example
[0.930s] Invoking command in '/home/sam/Documents/code/project_billee_2025/ros2_ws/build/urdf_example': CMAKE_PREFIX_PATH=/opt/ros/humble /usr/bin/cmake --build /home/sam/Documents/code/project_billee_2025/ros2_ws/build/urdf_example -- -j16 -l16
[0.991s] Invoked command in '/home/sam/Documents/code/project_billee_2025/ros2_ws/build/urdf_example' returned '0': CMAKE_PREFIX_PATH=/opt/ros/humble /usr/bin/cmake --build /home/sam/Documents/code/project_billee_2025/ros2_ws/build/urdf_example -- -j16 -l16
[1.044s] Invoking command in '/home/sam/Documents/code/project_billee_2025/ros2_ws/build/urdf_example': CMAKE_PREFIX_PATH=/opt/ros/humble /usr/bin/cmake --install /home/sam/Documents/code/project_billee_2025/ros2_ws/build/urdf_example
[1.057s] -- Install configuration: ""
[1.057s] -- Installing: /home/sam/Documents/code/project_billee_2025/ros2_ws/install/urdf_example/share/urdf_example/description
[1.058s] -- Installing: /home/sam/Documents/code/project_billee_2025/ros2_ws/install/urdf_example/share/urdf_example/description/example_include.xacro
[1.058s] -- Installing: /home/sam/Documents/code/project_billee_2025/ros2_ws/install/urdf_example/share/urdf_example/description/example_gazebo.xacro
[1.058s] -- Installing: /home/sam/Documents/code/project_billee_2025/ros2_ws/install/urdf_example/share/urdf_example/description/example_robot.urdf.xacro
[1.058s] -- Installing: /home/sam/Documents/code/project_billee_2025/ros2_ws/install/urdf_example/share/urdf_example/launch
[1.058s] -- Installing: /home/sam/Documents/code/project_billee_2025/ros2_ws/install/urdf_example/share/urdf_example/launch/rsp.launch.py
[1.059s] -- Installing: /home/sam/Documents/code/project_billee_2025/ros2_ws/install/urdf_example/share/urdf_example/launch/rsp_sim.launch.py
[1.059s] -- Installing: /home/sam/Documents/code/project_billee_2025/ros2_ws/install/urdf_example/share/urdf_example/worlds
[1.059s] -- Installing: /home/sam/Documents/code/project_billee_2025/ros2_ws/install/urdf_example/share/urdf_example/worlds/test_world.world
[1.059s] -- Installing: /home/sam/Documents/code/project_billee_2025/ros2_ws/install/urdf_example/share/ament_index/resource_index/package_run_dependencies/urdf_example
[1.059s] -- Installing: /home/sam/Documents/code/project_billee_2025/ros2_ws/install/urdf_example/share/ament_index/resource_index/parent_prefix_path/urdf_example
[1.059s] -- Installing: /home/sam/Documents/code/project_billee_2025/ros2_ws/install/urdf_example/share/urdf_example/environment/ament_prefix_path.sh
[1.060s] -- Installing: /home/sam/Documents/code/project_billee_2025/ros2_ws/install/urdf_example/share/urdf_example/environment/ament_prefix_path.dsv
[1.060s] -- Installing: /home/sam/Documents/code/project_billee_2025/ros2_ws/install/urdf_example/share/urdf_example/environment/path.sh
[1.060s] -- Installing: /home/sam/Documents/code/project_billee_2025/ros2_ws/install/urdf_example/share/urdf_example/environment/path.dsv
[1.060s] -- Installing: /home/sam/Documents/code/project_billee_2025/ros2_ws/install/urdf_example/share/urdf_example/local_setup.bash
[1.061s] -- Installing: /home/sam/Documents/code/project_billee_2025/ros2_ws/install/urdf_example/share/urdf_example/local_setup.sh
[1.061s] -- Installing: /home/sam/Documents/code/project_billee_2025/ros2_ws/install/urdf_example/share/urdf_example/local_setup.zsh
[1.061s] -- Installing: /home/sam/Documents/code/project_billee_2025/ros2_ws/install/urdf_example/share/urdf_example/local_setup.dsv
[1.061s] -- Installing: /home/sam/Documents/code/project_billee_2025/ros2_ws/install/urdf_example/share/urdf_example/package.dsv
[1.062s] -- Installing: /home/sam/Documents/code/project_billee_2025/ros2_ws/install/urdf_example/share/ament_index/resource_index/packages/urdf_example
[1.062s] -- Installing: /home/sam/Documents/code/project_billee_2025/ros2_ws/install/urdf_example/share/urdf_example/cmake/urdf_exampleConfig.cmake
[1.062s] -- Installing: /home/sam/Documents/code/project_billee_2025/ros2_ws/install/urdf_example/share/urdf_example/cmake/urdf_exampleConfig-version.cmake
[1.063s] -- Installing: /home/sam/Documents/code/project_billee_2025/ros2_ws/install/urdf_example/share/urdf_example/package.xml
[1.066s] Invoked command in '/home/sam/Documents/code/project_billee_2025/ros2_ws/build/urdf_example' returned '0': CMAKE_PREFIX_PATH=/opt/ros/humble /usr/bin/cmake --install /home/sam/Documents/code/project_billee_2025/ros2_ws/build/urdf_example
