[0.466s] Invoking command in '/home/sam/Documents/code/project_billee_2025/ros2_ws/src/manual_movement': PYTHONPATH=/home/sam/Documents/code/project_billee_2025/ros2_ws/build/manual_movement/prefix_override:/usr/lib/python3/dist-packages/colcon_core/task/python/colcon_distutils_commands:/home/sam/Documents/code/project_billee_2025/ros2_ws/install/manual_movement/lib/python3.10/site-packages:${PYTHONPATH} /usr/bin/python3 -W ignore:setup.py install is deprecated setup.py egg_info --egg-base ../../build/manual_movement build --build-base /home/sam/Documents/code/project_billee_2025/ros2_ws/build/manual_movement/build install --record /home/sam/Documents/code/project_billee_2025/ros2_ws/build/manual_movement/install.log --single-version-externally-managed install_data
[0.642s] running egg_info
[0.642s] writing ../../build/manual_movement/manual_movement.egg-info/PKG-INFO
[0.642s] writing dependency_links to ../../build/manual_movement/manual_movement.egg-info/dependency_links.txt
[0.643s] writing entry points to ../../build/manual_movement/manual_movement.egg-info/entry_points.txt
[0.643s] writing requirements to ../../build/manual_movement/manual_movement.egg-info/requires.txt
[0.643s] writing top-level names to ../../build/manual_movement/manual_movement.egg-info/top_level.txt
[0.644s] reading manifest file '../../build/manual_movement/manual_movement.egg-info/SOURCES.txt'
[0.645s] writing manifest file '../../build/manual_movement/manual_movement.egg-info/SOURCES.txt'
[0.645s] running build
[0.645s] running build_py
[0.645s] copying manual_movement/converter.py -> /home/sam/Documents/code/project_billee_2025/ros2_ws/build/manual_movement/build/lib/manual_movement
[0.645s] running install
[0.646s] running install_lib
[0.646s] copying /home/sam/Documents/code/project_billee_2025/ros2_ws/build/manual_movement/build/lib/manual_movement/converter.py -> /home/sam/Documents/code/project_billee_2025/ros2_ws/install/manual_movement/lib/python3.10/site-packages/manual_movement
[0.647s] byte-compiling /home/sam/Documents/code/project_billee_2025/ros2_ws/install/manual_movement/lib/python3.10/site-packages/manual_movement/converter.py to converter.cpython-310.pyc
[0.647s] running install_data
[0.648s] running install_egg_info
[0.649s] removing '/home/sam/Documents/code/project_billee_2025/ros2_ws/install/manual_movement/lib/python3.10/site-packages/manual_movement-0.0.0-py3.10.egg-info' (and everything under it)
[0.649s] Copying ../../build/manual_movement/manual_movement.egg-info to /home/sam/Documents/code/project_billee_2025/ros2_ws/install/manual_movement/lib/python3.10/site-packages/manual_movement-0.0.0-py3.10.egg-info
[0.650s] running install_scripts
[0.667s] Installing converter script to /home/sam/Documents/code/project_billee_2025/ros2_ws/install/manual_movement/lib/manual_movement
[0.667s] writing list of installed files to '/home/sam/Documents/code/project_billee_2025/ros2_ws/build/manual_movement/install.log'
[0.695s] Invoked command in '/home/sam/Documents/code/project_billee_2025/ros2_ws/src/manual_movement' returned '0': PYTHONPATH=/home/sam/Documents/code/project_billee_2025/ros2_ws/build/manual_movement/prefix_override:/usr/lib/python3/dist-packages/colcon_core/task/python/colcon_distutils_commands:/home/sam/Documents/code/project_billee_2025/ros2_ws/install/manual_movement/lib/python3.10/site-packages:${PYTHONPATH} /usr/bin/python3 -W ignore:setup.py install is deprecated setup.py egg_info --egg-base ../../build/manual_movement build --build-base /home/sam/Documents/code/project_billee_2025/ros2_ws/build/manual_movement/build install --record /home/sam/Documents/code/project_billee_2025/ros2_ws/build/manual_movement/install.log --single-version-externally-managed install_data
