[0.777s] Invoking command in '/home/sam/Documents/code/project_billee_2025/ros2_ws/src/manual_movement': PYTHONPATH=/home/sam/Documents/code/project_billee_2025/ros2_ws/build/manual_movement/prefix_override:/usr/lib/python3/dist-packages/colcon_core/task/python/colcon_distutils_commands:/home/sam/Documents/code/project_billee_2025/ros2_ws/install/manual_movement/lib/python3.10/site-packages:${PYTHONPATH} /usr/bin/python3 -W ignore:setup.py install is deprecated setup.py egg_info --egg-base ../../build/manual_movement build --build-base /home/sam/Documents/code/project_billee_2025/ros2_ws/build/manual_movement/build install --record /home/sam/Documents/code/project_billee_2025/ros2_ws/build/manual_movement/install.log --single-version-externally-managed install_data
[1.051s] running egg_info
[1.051s] creating ../../build/manual_movement/manual_movement.egg-info
[1.051s] writing ../../build/manual_movement/manual_movement.egg-info/PKG-INFO
[1.052s] writing dependency_links to ../../build/manual_movement/manual_movement.egg-info/dependency_links.txt
[1.052s] writing entry points to ../../build/manual_movement/manual_movement.egg-info/entry_points.txt
[1.052s] writing requirements to ../../build/manual_movement/manual_movement.egg-info/requires.txt
[1.052s] writing top-level names to ../../build/manual_movement/manual_movement.egg-info/top_level.txt
[1.052s] writing manifest file '../../build/manual_movement/manual_movement.egg-info/SOURCES.txt'
[1.054s] reading manifest file '../../build/manual_movement/manual_movement.egg-info/SOURCES.txt'
[1.056s] writing manifest file '../../build/manual_movement/manual_movement.egg-info/SOURCES.txt'
[1.056s] running build
[1.056s] running build_py
[1.056s] creating /home/sam/Documents/code/project_billee_2025/ros2_ws/build/manual_movement/build
[1.056s] creating /home/sam/Documents/code/project_billee_2025/ros2_ws/build/manual_movement/build/lib
[1.056s] creating /home/sam/Documents/code/project_billee_2025/ros2_ws/build/manual_movement/build/lib/manual_movement
[1.057s] copying manual_movement/converter.py -> /home/sam/Documents/code/project_billee_2025/ros2_ws/build/manual_movement/build/lib/manual_movement
[1.057s] copying manual_movement/__init__.py -> /home/sam/Documents/code/project_billee_2025/ros2_ws/build/manual_movement/build/lib/manual_movement
[1.057s] running install
[1.057s] running install_lib
[1.058s] creating /home/sam/Documents/code/project_billee_2025/ros2_ws/install/manual_movement/lib/python3.10/site-packages/manual_movement
[1.058s] copying /home/sam/Documents/code/project_billee_2025/ros2_ws/build/manual_movement/build/lib/manual_movement/converter.py -> /home/sam/Documents/code/project_billee_2025/ros2_ws/install/manual_movement/lib/python3.10/site-packages/manual_movement
[1.058s] copying /home/sam/Documents/code/project_billee_2025/ros2_ws/build/manual_movement/build/lib/manual_movement/__init__.py -> /home/sam/Documents/code/project_billee_2025/ros2_ws/install/manual_movement/lib/python3.10/site-packages/manual_movement
[1.058s] byte-compiling /home/sam/Documents/code/project_billee_2025/ros2_ws/install/manual_movement/lib/python3.10/site-packages/manual_movement/converter.py to converter.cpython-310.pyc
[1.059s] byte-compiling /home/sam/Documents/code/project_billee_2025/ros2_ws/install/manual_movement/lib/python3.10/site-packages/manual_movement/__init__.py to __init__.cpython-310.pyc
[1.059s] running install_data
[1.060s] creating /home/sam/Documents/code/project_billee_2025/ros2_ws/install/manual_movement/share/ament_index
[1.060s] creating /home/sam/Documents/code/project_billee_2025/ros2_ws/install/manual_movement/share/ament_index/resource_index
[1.060s] creating /home/sam/Documents/code/project_billee_2025/ros2_ws/install/manual_movement/share/ament_index/resource_index/packages
[1.060s] copying resource/manual_movement -> /home/sam/Documents/code/project_billee_2025/ros2_ws/install/manual_movement/share/ament_index/resource_index/packages
[1.060s] copying package.xml -> /home/sam/Documents/code/project_billee_2025/ros2_ws/install/manual_movement/share/manual_movement
[1.060s] creating /home/sam/Documents/code/project_billee_2025/ros2_ws/install/manual_movement/share/manual_movement/launch
[1.060s] copying launch/mm_turtlesim.launch.py -> /home/sam/Documents/code/project_billee_2025/ros2_ws/install/manual_movement/share/manual_movement/launch
[1.060s] running install_egg_info
[1.062s] Copying ../../build/manual_movement/manual_movement.egg-info to /home/sam/Documents/code/project_billee_2025/ros2_ws/install/manual_movement/lib/python3.10/site-packages/manual_movement-0.0.0-py3.10.egg-info
[1.064s] running install_scripts
[1.090s] Installing converter script to /home/sam/Documents/code/project_billee_2025/ros2_ws/install/manual_movement/lib/manual_movement
[1.090s] writing list of installed files to '/home/sam/Documents/code/project_billee_2025/ros2_ws/build/manual_movement/install.log'
[1.136s] Invoked command in '/home/sam/Documents/code/project_billee_2025/ros2_ws/src/manual_movement' returned '0': PYTHONPATH=/home/sam/Documents/code/project_billee_2025/ros2_ws/build/manual_movement/prefix_override:/usr/lib/python3/dist-packages/colcon_core/task/python/colcon_distutils_commands:/home/sam/Documents/code/project_billee_2025/ros2_ws/install/manual_movement/lib/python3.10/site-packages:${PYTHONPATH} /usr/bin/python3 -W ignore:setup.py install is deprecated setup.py egg_info --egg-base ../../build/manual_movement build --build-base /home/sam/Documents/code/project_billee_2025/ros2_ws/build/manual_movement/build install --record /home/sam/Documents/code/project_billee_2025/ros2_ws/build/manual_movement/install.log --single-version-externally-managed install_data
